Using pre-set license
Built from '2022.3/staging' branch; Version is '2022.3.10f1 (ff3792e53c62) revision 16725906'; Using compiler version '192829333'; Build Type 'Release'
OS: 'Windows 11  (10.0.22631) 64bit CoreSingleLanguage' Language: 'en' Physical Memory: 14188 MB
BatchMode: 1, IsHumanControllingUs: 0, StartBugReporterOnCrash: 0, Is64bit: 1, IsPro: 1

COMMAND LINE ARGUMENTS:
C:\Program Files\Unity\Hub\Editor\2022.3.10f1\Editor\Unity.exe
-adb2
-batchMode
-noUpm
-name
AssetImportWorker6
-projectPath
E:/GIthub/Museum/Project-Museum/Museum
-logFile
Logs/AssetImportWorker6.log
-srvPort
50652
Successfully changed project path to: E:/GIthub/Museum/Project-Museum/Museum
E:/GIthub/Museum/Project-Museum/Museum
[UnityMemory] Configuration Parameters - Can be set up in boot.config
    "memorysetup-bucket-allocator-granularity=16"
    "memorysetup-bucket-allocator-bucket-count=8"
    "memorysetup-bucket-allocator-block-size=33554432"
    "memorysetup-bucket-allocator-block-count=8"
    "memorysetup-main-allocator-block-size=16777216"
    "memorysetup-thread-allocator-block-size=16777216"
    "memorysetup-gfx-main-allocator-block-size=16777216"
    "memorysetup-gfx-thread-allocator-block-size=16777216"
    "memorysetup-cache-allocator-block-size=4194304"
    "memorysetup-typetree-allocator-block-size=2097152"
    "memorysetup-profiler-bucket-allocator-granularity=16"
    "memorysetup-profiler-bucket-allocator-bucket-count=8"
    "memorysetup-profiler-bucket-allocator-block-size=33554432"
    "memorysetup-profiler-bucket-allocator-block-count=8"
    "memorysetup-profiler-allocator-block-size=16777216"
    "memorysetup-profiler-editor-allocator-block-size=1048576"
    "memorysetup-temp-allocator-size-main=16777216"
    "memorysetup-job-temp-allocator-block-size=2097152"
    "memorysetup-job-temp-allocator-block-size-background=1048576"
    "memorysetup-job-temp-allocator-reduction-small-platforms=262144"
    "memorysetup-allocator-temp-initial-block-size-main=262144"
    "memorysetup-allocator-temp-initial-block-size-worker=262144"
    "memorysetup-temp-allocator-size-background-worker=32768"
    "memorysetup-temp-allocator-size-job-worker=262144"
    "memorysetup-temp-allocator-size-preload-manager=33554432"
    "memorysetup-temp-allocator-size-nav-mesh-worker=65536"
    "memorysetup-temp-allocator-size-audio-worker=65536"
    "memorysetup-temp-allocator-size-cloud-worker=32768"
    "memorysetup-temp-allocator-size-gi-baking-worker=262144"
    "memorysetup-temp-allocator-size-gfx=262144"
Player connection [8868] Host "[IP] 192.168.74.89 [Port] 0 [Flags] 2 [Guid] 483469051 [EditorId] 483469051 [Version] 1048832 [Id] WindowsEditor(7,LAPTOP-TMGPBVB5) [Debug] 1 [PackageName] WindowsEditor [ProjectName] Editor" joined multi-casting on [225.0.0.222:54997]...

Player connection [8868] Host "[IP] 192.168.74.89 [Port] 0 [Flags] 2 [Guid] 483469051 [EditorId] 483469051 [Version] 1048832 [Id] WindowsEditor(7,LAPTOP-TMGPBVB5) [Debug] 1 [PackageName] WindowsEditor [ProjectName] Editor" joined alternative multi-casting on [225.0.0.222:34997]...

[Physics::Module] Initialized MultithreadedJobDispatcher with 11 workers.
Refreshing native plugins compatible for Editor in 6.69 ms, found 3 plugins.
Preloading 0 native plugins for Editor in 0.00 ms.
Initialize engine version: 2022.3.10f1 (ff3792e53c62)
[Subsystems] Discovering subsystems at path C:/Program Files/Unity/Hub/Editor/2022.3.10f1/Editor/Data/Resources/UnitySubsystems
[Subsystems] Discovering subsystems at path E:/GIthub/Museum/Project-Museum/Museum/Assets
GfxDevice: creating device client; threaded=0; jobified=0
Direct3D:
    Version:  Direct3D 11.0 [level 11.1]
    Renderer: NVIDIA GeForce RTX 3050 Laptop GPU (ID=0x25a2)
    Vendor:   NVIDIA
    VRAM:     3965 MB
    Driver:   32.0.15.6109
Initialize mono
Mono path[0] = 'C:/Program Files/Unity/Hub/Editor/2022.3.10f1/Editor/Data/Managed'
Mono path[1] = 'C:/Program Files/Unity/Hub/Editor/2022.3.10f1/Editor/Data/MonoBleedingEdge/lib/mono/unityjit-win32'
Mono config path = 'C:/Program Files/Unity/Hub/Editor/2022.3.10f1/Editor/Data/MonoBleedingEdge/etc'
Using monoOptions --debugger-agent=transport=dt_socket,embedding=1,server=y,suspend=n,address=127.0.0.1:56340
Begin MonoManager ReloadAssembly
Registering precompiled unity dll's ...
Register platform support module: C:/Program Files/Unity/Hub/Editor/2022.3.10f1/Editor/Data/PlaybackEngines/AndroidPlayer/UnityEditor.Android.Extensions.dll
Register platform support module: C:/Program Files/Unity/Hub/Editor/2022.3.10f1/Editor/Data/PlaybackEngines/WindowsStandaloneSupport/UnityEditor.WindowsStandalone.Extensions.dll
Registered in 0.008075 seconds.
- Loaded All Assemblies, in  0.300 seconds
Native extension for WindowsStandalone target not found
Native extension for Android target not found
Android Extension - Scanning For ADB Devices 218 ms
Mono: successfully reloaded assembly
- Finished resetting the current domain, in  0.488 seconds
Domain Reload Profiling: 786ms
	BeginReloadAssembly (95ms)
		ExecutionOrderSort (0ms)
		DisableScriptedObjects (0ms)
		BackupInstance (0ms)
		ReleaseScriptingObjects (0ms)
		CreateAndSetChildDomain (1ms)
	RebuildCommonClasses (29ms)
	RebuildNativeTypeToScriptingClass (9ms)
	initialDomainReloadingComplete (51ms)
	LoadAllAssembliesAndSetupDomain (114ms)
		LoadAssemblies (93ms)
		RebuildTransferFunctionScriptingTraits (0ms)
		AnalyzeDomain (112ms)
			TypeCache.Refresh (111ms)
				TypeCache.ScanAssembly (100ms)
			ScanForSourceGeneratedMonoScriptInfo (0ms)
			ResolveRequiredComponents (0ms)
	FinalizeReload (488ms)
		ReleaseScriptCaches (0ms)
		RebuildScriptCaches (0ms)
		SetupLoadedEditorAssemblies (441ms)
			LogAssemblyErrors (0ms)
			InitializePlatformSupportModulesInManaged (312ms)
			SetLoadedEditorAssemblies (3ms)
			RefreshPlugins (0ms)
			BeforeProcessingInitializeOnLoad (2ms)
			ProcessInitializeOnLoadAttributes (85ms)
			ProcessInitializeOnLoadMethodAttributes (39ms)
			AfterProcessingInitializeOnLoad (0ms)
			EditorAssembliesLoaded (0ms)
		ExecutionOrderSort2 (0ms)
		AwakeInstancesAfterBackupRestoration (0ms)
========================================================================
Worker process is ready to serve import requests
Begin MonoManager ReloadAssembly
- Loaded All Assemblies, in  0.535 seconds
Refreshing native plugins compatible for Editor in 2.51 ms, found 3 plugins.
Native extension for WindowsStandalone target not found
Native extension for Android target not found
Mono: successfully reloaded assembly
- Finished resetting the current domain, in  0.568 seconds
Domain Reload Profiling: 1101ms
	BeginReloadAssembly (127ms)
		ExecutionOrderSort (0ms)
		DisableScriptedObjects (4ms)
		BackupInstance (0ms)
		ReleaseScriptingObjects (0ms)
		CreateAndSetChildDomain (19ms)
	RebuildCommonClasses (27ms)
	RebuildNativeTypeToScriptingClass (9ms)
	initialDomainReloadingComplete (36ms)
	LoadAllAssembliesAndSetupDomain (334ms)
		LoadAssemblies (252ms)
		RebuildTransferFunctionScriptingTraits (0ms)
		AnalyzeDomain (158ms)
			TypeCache.Refresh (132ms)
				TypeCache.ScanAssembly (118ms)
			ScanForSourceGeneratedMonoScriptInfo (17ms)
			ResolveRequiredComponents (8ms)
	FinalizeReload (568ms)
		ReleaseScriptCaches (0ms)
		RebuildScriptCaches (0ms)
		SetupLoadedEditorAssemblies (444ms)
			LogAssemblyErrors (0ms)
			InitializePlatformSupportModulesInManaged (21ms)
			SetLoadedEditorAssemblies (3ms)
			RefreshPlugins (0ms)
			BeforeProcessingInitializeOnLoad (58ms)
			ProcessInitializeOnLoadAttributes (297ms)
			ProcessInitializeOnLoadMethodAttributes (57ms)
			AfterProcessingInitializeOnLoad (7ms)
			EditorAssembliesLoaded (0ms)
		ExecutionOrderSort2 (0ms)
		AwakeInstancesAfterBackupRestoration (6ms)
Launched and connected shader compiler UnityShaderCompiler.exe after 0.04 seconds
Refreshing native plugins compatible for Editor in 2.09 ms, found 3 plugins.
Preloading 0 native plugins for Editor in 0.00 ms.
Unloading 4941 Unused Serialized files (Serialized files now loaded: 0)
Unloading 62 unused Assets / (349.6 KB). Loaded Objects now: 5405.
Memory consumption went from 206.2 MB to 205.8 MB.
Total: 3.990600 ms (FindLiveObjects: 0.517000 ms CreateObjectMapping: 0.400900 ms MarkObjects: 2.874000 ms  DeleteObjects: 0.197700 ms)

AssetImportParameters requested are different than current active one (requested -> active):
  custom:container-demuxer-ogg: 62fdf1f143b41e24485cea50d1cbac27 -> 
  custom:video-codec-MediaFoundation-h265: 746d11721c4dcdbdad8f713fa42b33f4 -> 
  custom:video-decoder-ogg-theora: a1e56fd34408186e4bbccfd4996cb3dc -> 
  custom:framework-win-MediaFoundation: 216162199b28c13a410421893ffa2e32 -> 
  custom:CustomObjectIndexerAttribute: a3ef5dd2817f97addfee359851a9dba5 -> 
  custom:container-demuxer-webm: 4f35f7cbe854078d1ac9338744f61a02 -> 
  custom:container-muxer-webm: aa71ff27fc2769a1b78a27578f13a17b -> 
  custom:video-decoder-webm-vp8: 9c59270c3fd7afecdb556c50c9e8de78 -> 
  custom:SearchIndexIgnoredProperties: e643bd26f0fe6173181afceb89e7c659 -> 
  custom:AudioImporter_EditorPlatform: d09bf68614088b80899f8185d706f6e7 -> 
  custom:video-encoder-webm-vp8: eb34c28f22e8b96e1ab97ce403110664 -> 
  custom:audio-decoder-ogg-vorbis: bf7c407c2cedff20999df2af8eb42d56 -> 
  custom:audio-encoder-webm-vorbis: bf7c407c2cedff20999df2af8eb42d56 -> 
========================================================================
Received Import Request.
  Time since last request: 3493.503533 seconds.
  path: Assets/ASSET PROJECT UNITY/3A/Kelompok 4-3A/Poster Display/Asset/Display/Texture/M_Tjoet_Nya_Dhien.mat
  artifactKey: Guid(452b8815c0edc0144b2fea44be745065) Importer(815301076,1909f56bfc062723c751e8b465ee728b)
Start importing Assets/ASSET PROJECT UNITY/3A/Kelompok 4-3A/Poster Display/Asset/Display/Texture/M_Tjoet_Nya_Dhien.mat using Guid(452b8815c0edc0144b2fea44be745065) Importer(815301076,1909f56bfc062723c751e8b465ee728b)  -> (artifact id: '97d09cc64825433a0996c29d93746995') in 0.241936 seconds
Number of updated asset objects reloaded before import = 0
Number of asset objects unloaded after import = 4
========================================================================
Received Import Request.
  Time since last request: 199.037134 seconds.
  path: Assets/ASSET PROJECT UNITY/3B/Kelompok 2-3B/Lemari blend/Materials/room_cupboard_wood1_Normal.mat
  artifactKey: Guid(e52411cd593c3384db9714f515bf40d8) Importer(815301076,1909f56bfc062723c751e8b465ee728b)
Start importing Assets/ASSET PROJECT UNITY/3B/Kelompok 2-3B/Lemari blend/Materials/room_cupboard_wood1_Normal.mat using Guid(e52411cd593c3384db9714f515bf40d8) Importer(815301076,1909f56bfc062723c751e8b465ee728b)  -> (artifact id: 'bf69dd42fa5432fdf898324d10321405') in 0.024825 seconds
Number of updated asset objects reloaded before import = 0
Number of asset objects unloaded after import = 3
========================================================================
Received Import Request.
  Time since last request: 0.000020 seconds.
  path: Assets/ASSET PROJECT UNITY/3B/Kelompok 2-3B/Lemari blend/Materials/room_cupboard_wood1_Roughness.mat
  artifactKey: Guid(51522f5479d5e694ea2eda571f589846) Importer(815301076,1909f56bfc062723c751e8b465ee728b)
Start importing Assets/ASSET PROJECT UNITY/3B/Kelompok 2-3B/Lemari blend/Materials/room_cupboard_wood1_Roughness.mat using Guid(51522f5479d5e694ea2eda571f589846) Importer(815301076,1909f56bfc062723c751e8b465ee728b)  -> (artifact id: '4a8e2af4e5056d9b36f0f380f4eaeda3') in 0.028224 seconds
Number of updated asset objects reloaded before import = 0
Number of asset objects unloaded after import = 3
========================================================================
Received Import Request.
  Time since last request: 55.501637 seconds.
  path: Assets/ASSET PROJECT UNITY/3B/Kelompok 2-3B/Lemari blend/Materials/room_cupboard_wood2_Normal.png
  artifactKey: Guid(9ce010c9d365e7d46b3932d75a5c5d0f) Importer(815301076,1909f56bfc062723c751e8b465ee728b)
Start importing Assets/ASSET PROJECT UNITY/3B/Kelompok 2-3B/Lemari blend/Materials/room_cupboard_wood2_Normal.png using Guid(9ce010c9d365e7d46b3932d75a5c5d0f) Importer(815301076,1909f56bfc062723c751e8b465ee728b)  -> (artifact id: '192683b18567b1510305eab6cb40597b') in 0.024536 seconds
Number of updated asset objects reloaded before import = 0
Number of asset objects unloaded after import = 2
========================================================================
Received Import Request.
  Time since last request: 343.298197 seconds.
  path: Assets/ASSET PROJECT UNITY/3B/Kelompok 3-3B/Rak/Rak Base.blend
  artifactKey: Guid(6830624413ea3f443927cbd8d05c8921) Importer(815301076,1909f56bfc062723c751e8b465ee728b)
Start importing Assets/ASSET PROJECT UNITY/3B/Kelompok 3-3B/Rak/Rak Base.blend using Guid(6830624413ea3f443927cbd8d05c8921) Importer(815301076,1909f56bfc062723c751e8b465ee728b)  -> (artifact id: 'b6d57fbc2c910c266d90821ace799261') in 0.718193 seconds
Number of updated asset objects reloaded before import = 0
Number of asset objects unloaded after import = 360
========================================================================
Received Import Request.
  Time since last request: 109.364278 seconds.
  path: Assets/ASSET PROJECT UNITY/3B/Kelompok 4-3B/Coin/COIN FBXNYA/SM_Coin_02(Yoris).fbx
  artifactKey: Guid(bceb9af91b7f02145bfbe40df86a1ae2) Importer(815301076,1909f56bfc062723c751e8b465ee728b)
Start importing Assets/ASSET PROJECT UNITY/3B/Kelompok 4-3B/Coin/COIN FBXNYA/SM_Coin_02(Yoris).fbx using Guid(bceb9af91b7f02145bfbe40df86a1ae2) Importer(815301076,1909f56bfc062723c751e8b465ee728b)  -> (artifact id: '39dc32492d9f2c1a39ab57813038fdbb') in 0.046263 seconds
Number of updated asset objects reloaded before import = 0
Number of asset objects unloaded after import = 9
========================================================================
Received Import Request.
  Time since last request: 0.000018 seconds.
  path: Assets/ASSET PROJECT UNITY/3B/Kelompok 4-3B/Coin/COIN FBXNYA/SM_Coin_07(balqis).fbx
  artifactKey: Guid(b8ced592bab5d114db94ff75f3941e4a) Importer(815301076,1909f56bfc062723c751e8b465ee728b)
Start importing Assets/ASSET PROJECT UNITY/3B/Kelompok 4-3B/Coin/COIN FBXNYA/SM_Coin_07(balqis).fbx using Guid(b8ced592bab5d114db94ff75f3941e4a) Importer(815301076,1909f56bfc062723c751e8b465ee728b)  -> (artifact id: 'e3aefeefcaa17239838b050f13495ba8') in 0.090579 seconds
Number of updated asset objects reloaded before import = 0
Number of asset objects unloaded after import = 17
========================================================================
Received Import Request.
  Time since last request: 0.000022 seconds.
  path: Assets/ASSET PROJECT UNITY/3B/Kelompok 4-3B/Coin/COIN FBXNYA/SM_Coin_08(balqis).fbx
  artifactKey: Guid(f9589d2d6a5168e4abbc504b47205e23) Importer(815301076,1909f56bfc062723c751e8b465ee728b)
Start importing Assets/ASSET PROJECT UNITY/3B/Kelompok 4-3B/Coin/COIN FBXNYA/SM_Coin_08(balqis).fbx using Guid(f9589d2d6a5168e4abbc504b47205e23) Importer(815301076,1909f56bfc062723c751e8b465ee728b)  -> (artifact id: '5008154d64764edc871dcad3e65df3d5') in 0.061102 seconds
Number of updated asset objects reloaded before import = 0
Number of asset objects unloaded after import = 17
Editor requested this worker to shutdown with reason: Scaling down because of idle timeout
TcpMessagingSession - receive error: operation aborted. errorcode: 995, details: The I/O operation has been aborted because of either a thread exit or an application request.
AssetImportWorker is now disconnected from the server
Process exiting
Exiting without the bug reporter. Application will terminate with return code 0