Using pre-set license
Built from '2022.3/staging' branch; Version is '2022.3.10f1 (ff3792e53c62) revision 16725906'; Using compiler version '192829333'; Build Type 'Release'
OS: 'Windows 11  (10.0.22631) 64bit CoreSingleLanguage' Language: 'en' Physical Memory: 14188 MB
BatchMode: 1, IsHumanControllingUs: 0, StartBugReporterOnCrash: 0, Is64bit: 1, IsPro: 1

COMMAND LINE ARGUMENTS:
C:\Program Files\Unity\Hub\Editor\2022.3.10f1\Editor\Unity.exe
-adb2
-batchMode
-noUpm
-name
AssetImportWorker5
-projectPath
E:/GIthub/Museum/Project-Museum/Museum
-logFile
Logs/AssetImportWorker5.log
-srvPort
50652
Successfully changed project path to: E:/GIthub/Museum/Project-Museum/Museum
E:/GIthub/Museum/Project-Museum/Museum
[UnityMemory] Configuration Parameters - Can be set up in boot.config
    "memorysetup-bucket-allocator-granularity=16"
    "memorysetup-bucket-allocator-bucket-count=8"
    "memorysetup-bucket-allocator-block-size=33554432"
    "memorysetup-bucket-allocator-block-count=8"
    "memorysetup-main-allocator-block-size=16777216"
    "memorysetup-thread-allocator-block-size=16777216"
    "memorysetup-gfx-main-allocator-block-size=16777216"
    "memorysetup-gfx-thread-allocator-block-size=16777216"
    "memorysetup-cache-allocator-block-size=4194304"
    "memorysetup-typetree-allocator-block-size=2097152"
    "memorysetup-profiler-bucket-allocator-granularity=16"
    "memorysetup-profiler-bucket-allocator-bucket-count=8"
    "memorysetup-profiler-bucket-allocator-block-size=33554432"
    "memorysetup-profiler-bucket-allocator-block-count=8"
    "memorysetup-profiler-allocator-block-size=16777216"
    "memorysetup-profiler-editor-allocator-block-size=1048576"
    "memorysetup-temp-allocator-size-main=16777216"
    "memorysetup-job-temp-allocator-block-size=2097152"
    "memorysetup-job-temp-allocator-block-size-background=1048576"
    "memorysetup-job-temp-allocator-reduction-small-platforms=262144"
    "memorysetup-allocator-temp-initial-block-size-main=262144"
    "memorysetup-allocator-temp-initial-block-size-worker=262144"
    "memorysetup-temp-allocator-size-background-worker=32768"
    "memorysetup-temp-allocator-size-job-worker=262144"
    "memorysetup-temp-allocator-size-preload-manager=33554432"
    "memorysetup-temp-allocator-size-nav-mesh-worker=65536"
    "memorysetup-temp-allocator-size-audio-worker=65536"
    "memorysetup-temp-allocator-size-cloud-worker=32768"
    "memorysetup-temp-allocator-size-gi-baking-worker=262144"
    "memorysetup-temp-allocator-size-gfx=262144"
Player connection [20408] Host "[IP] 192.168.74.89 [Port] 0 [Flags] 2 [Guid] 3560889323 [EditorId] 3560889323 [Version] 1048832 [Id] WindowsEditor(7,LAPTOP-TMGPBVB5) [Debug] 1 [PackageName] WindowsEditor [ProjectName] Editor" joined multi-casting on [225.0.0.222:54997]...

Player connection [20408] Host "[IP] 192.168.74.89 [Port] 0 [Flags] 2 [Guid] 3560889323 [EditorId] 3560889323 [Version] 1048832 [Id] WindowsEditor(7,LAPTOP-TMGPBVB5) [Debug] 1 [PackageName] WindowsEditor [ProjectName] Editor" joined alternative multi-casting on [225.0.0.222:34997]...

[Physics::Module] Initialized MultithreadedJobDispatcher with 11 workers.
Refreshing native plugins compatible for Editor in 7.22 ms, found 3 plugins.
Preloading 0 native plugins for Editor in 0.00 ms.
Initialize engine version: 2022.3.10f1 (ff3792e53c62)
[Subsystems] Discovering subsystems at path C:/Program Files/Unity/Hub/Editor/2022.3.10f1/Editor/Data/Resources/UnitySubsystems
[Subsystems] Discovering subsystems at path E:/GIthub/Museum/Project-Museum/Museum/Assets
GfxDevice: creating device client; threaded=0; jobified=0
Direct3D:
    Version:  Direct3D 11.0 [level 11.1]
    Renderer: NVIDIA GeForce RTX 3050 Laptop GPU (ID=0x25a2)
    Vendor:   NVIDIA
    VRAM:     3965 MB
    Driver:   32.0.15.6109
Initialize mono
Mono path[0] = 'C:/Program Files/Unity/Hub/Editor/2022.3.10f1/Editor/Data/Managed'
Mono path[1] = 'C:/Program Files/Unity/Hub/Editor/2022.3.10f1/Editor/Data/MonoBleedingEdge/lib/mono/unityjit-win32'
Mono config path = 'C:/Program Files/Unity/Hub/Editor/2022.3.10f1/Editor/Data/MonoBleedingEdge/etc'
Using monoOptions --debugger-agent=transport=dt_socket,embedding=1,server=y,suspend=n,address=127.0.0.1:56276
Begin MonoManager ReloadAssembly
Registering precompiled unity dll's ...
Register platform support module: C:/Program Files/Unity/Hub/Editor/2022.3.10f1/Editor/Data/PlaybackEngines/AndroidPlayer/UnityEditor.Android.Extensions.dll
Register platform support module: C:/Program Files/Unity/Hub/Editor/2022.3.10f1/Editor/Data/PlaybackEngines/WindowsStandaloneSupport/UnityEditor.WindowsStandalone.Extensions.dll
Registered in 0.008299 seconds.
- Loaded All Assemblies, in  0.293 seconds
Native extension for WindowsStandalone target not found
Native extension for Android target not found
Android Extension - Scanning For ADB Devices 214 ms
Mono: successfully reloaded assembly
- Finished resetting the current domain, in  0.472 seconds
Domain Reload Profiling: 763ms
	BeginReloadAssembly (90ms)
		ExecutionOrderSort (0ms)
		DisableScriptedObjects (0ms)
		BackupInstance (0ms)
		ReleaseScriptingObjects (0ms)
		CreateAndSetChildDomain (1ms)
	RebuildCommonClasses (28ms)
	RebuildNativeTypeToScriptingClass (9ms)
	initialDomainReloadingComplete (52ms)
	LoadAllAssembliesAndSetupDomain (113ms)
		LoadAssemblies (88ms)
		RebuildTransferFunctionScriptingTraits (0ms)
		AnalyzeDomain (111ms)
			TypeCache.Refresh (110ms)
				TypeCache.ScanAssembly (99ms)
			ScanForSourceGeneratedMonoScriptInfo (0ms)
			ResolveRequiredComponents (0ms)
	FinalizeReload (472ms)
		ReleaseScriptCaches (0ms)
		RebuildScriptCaches (0ms)
		SetupLoadedEditorAssemblies (426ms)
			LogAssemblyErrors (0ms)
			InitializePlatformSupportModulesInManaged (304ms)
			SetLoadedEditorAssemblies (4ms)
			RefreshPlugins (0ms)
			BeforeProcessingInitializeOnLoad (2ms)
			ProcessInitializeOnLoadAttributes (79ms)
			ProcessInitializeOnLoadMethodAttributes (38ms)
			AfterProcessingInitializeOnLoad (0ms)
			EditorAssembliesLoaded (0ms)
		ExecutionOrderSort2 (0ms)
		AwakeInstancesAfterBackupRestoration (0ms)
========================================================================
Worker process is ready to serve import requests
Begin MonoManager ReloadAssembly
- Loaded All Assemblies, in  0.527 seconds
Refreshing native plugins compatible for Editor in 2.29 ms, found 3 plugins.
Native extension for WindowsStandalone target not found
Native extension for Android target not found
Mono: successfully reloaded assembly
- Finished resetting the current domain, in  0.564 seconds
Domain Reload Profiling: 1089ms
	BeginReloadAssembly (124ms)
		ExecutionOrderSort (0ms)
		DisableScriptedObjects (4ms)
		BackupInstance (0ms)
		ReleaseScriptingObjects (0ms)
		CreateAndSetChildDomain (18ms)
	RebuildCommonClasses (26ms)
	RebuildNativeTypeToScriptingClass (8ms)
	initialDomainReloadingComplete (36ms)
	LoadAllAssembliesAndSetupDomain (330ms)
		LoadAssemblies (250ms)
		RebuildTransferFunctionScriptingTraits (0ms)
		AnalyzeDomain (154ms)
			TypeCache.Refresh (127ms)
				TypeCache.ScanAssembly (113ms)
			ScanForSourceGeneratedMonoScriptInfo (17ms)
			ResolveRequiredComponents (9ms)
	FinalizeReload (564ms)
		ReleaseScriptCaches (0ms)
		RebuildScriptCaches (0ms)
		SetupLoadedEditorAssemblies (441ms)
			LogAssemblyErrors (0ms)
			InitializePlatformSupportModulesInManaged (21ms)
			SetLoadedEditorAssemblies (3ms)
			RefreshPlugins (0ms)
			BeforeProcessingInitializeOnLoad (58ms)
			ProcessInitializeOnLoadAttributes (297ms)
			ProcessInitializeOnLoadMethodAttributes (55ms)
			AfterProcessingInitializeOnLoad (7ms)
			EditorAssembliesLoaded (0ms)
		ExecutionOrderSort2 (0ms)
		AwakeInstancesAfterBackupRestoration (6ms)
Launched and connected shader compiler UnityShaderCompiler.exe after 0.04 seconds
Refreshing native plugins compatible for Editor in 2.17 ms, found 3 plugins.
Preloading 0 native plugins for Editor in 0.00 ms.
Unloading 4941 Unused Serialized files (Serialized files now loaded: 0)
Unloading 62 unused Assets / (349.6 KB). Loaded Objects now: 5405.
Memory consumption went from 206.2 MB to 205.8 MB.
Total: 3.304300 ms (FindLiveObjects: 0.353200 ms CreateObjectMapping: 0.149200 ms MarkObjects: 2.617100 ms  DeleteObjects: 0.183100 ms)

AssetImportParameters requested are different than current active one (requested -> active):
  custom:container-demuxer-ogg: 62fdf1f143b41e24485cea50d1cbac27 -> 
  custom:video-codec-MediaFoundation-h265: 746d11721c4dcdbdad8f713fa42b33f4 -> 
  custom:video-decoder-ogg-theora: a1e56fd34408186e4bbccfd4996cb3dc -> 
  custom:framework-win-MediaFoundation: 216162199b28c13a410421893ffa2e32 -> 
  custom:CustomObjectIndexerAttribute: a3ef5dd2817f97addfee359851a9dba5 -> 
  custom:container-demuxer-webm: 4f35f7cbe854078d1ac9338744f61a02 -> 
  custom:container-muxer-webm: aa71ff27fc2769a1b78a27578f13a17b -> 
  custom:video-decoder-webm-vp8: 9c59270c3fd7afecdb556c50c9e8de78 -> 
  custom:SearchIndexIgnoredProperties: e643bd26f0fe6173181afceb89e7c659 -> 
  custom:AudioImporter_EditorPlatform: d09bf68614088b80899f8185d706f6e7 -> 
  custom:video-encoder-webm-vp8: eb34c28f22e8b96e1ab97ce403110664 -> 
  custom:audio-decoder-ogg-vorbis: bf7c407c2cedff20999df2af8eb42d56 -> 
  custom:audio-encoder-webm-vorbis: bf7c407c2cedff20999df2af8eb42d56 -> 
========================================================================
Received Import Request.
  Time since last request: 2862.473371 seconds.
  path: Assets/ASSET PROJECT UNITY/3A/Kelompok 3-3A/Senjata/CELURIT/TEXTURE/M_GAGANG CELURIT.png
  artifactKey: Guid(aa3b69f1a2aba4948ad19f2c6086b869) Importer(815301076,1909f56bfc062723c751e8b465ee728b)
Start importing Assets/ASSET PROJECT UNITY/3A/Kelompok 3-3A/Senjata/CELURIT/TEXTURE/M_GAGANG CELURIT.png using Guid(aa3b69f1a2aba4948ad19f2c6086b869) Importer(815301076,1909f56bfc062723c751e8b465ee728b)  -> (artifact id: '33fcb93c6a28477f916ca472a1e663b3') in 0.060387 seconds
Number of updated asset objects reloaded before import = 0
Number of asset objects unloaded after import = 2
========================================================================
Received Import Request.
  Time since last request: 205.930534 seconds.
  path: Assets/ASSET PROJECT UNITY/3A/Kelompok 3-3A/Senjata/New Folder/New Folder/Gagang.mat
  artifactKey: Guid(263ad4e5a9c4c9a4a8eeb82d8d5013a5) Importer(815301076,1909f56bfc062723c751e8b465ee728b)
Start importing Assets/ASSET PROJECT UNITY/3A/Kelompok 3-3A/Senjata/New Folder/New Folder/Gagang.mat using Guid(263ad4e5a9c4c9a4a8eeb82d8d5013a5) Importer(815301076,1909f56bfc062723c751e8b465ee728b)  -> (artifact id: 'a53fa8141f6d620284e068a7ac85ecab') in 0.214522 seconds
Number of updated asset objects reloaded before import = 0
Number of asset objects unloaded after import = 4
========================================================================
Received Import Request.
  Time since last request: 108.839127 seconds.
  path: Assets/ASSET PROJECT UNITY/3A/Kelompok 4-3A/Gucci/gucci 2.blend
  artifactKey: Guid(cd1f39f4007441d4d9bf93714ae2f0c0) Importer(815301076,1909f56bfc062723c751e8b465ee728b)
Start importing Assets/ASSET PROJECT UNITY/3A/Kelompok 4-3A/Gucci/gucci 2.blend using Guid(cd1f39f4007441d4d9bf93714ae2f0c0) Importer(815301076,1909f56bfc062723c751e8b465ee728b)  -> (artifact id: '834fae0e884f66478fedc0191a8fc593') in 0.067954 seconds
Number of updated asset objects reloaded before import = 0
Number of asset objects unloaded after import = 9
========================================================================
Received Import Request.
  Time since last request: 36.367448 seconds.
  path: Assets/ASSET PROJECT UNITY/3A/Kelompok 4-3A/Gucci/GUCI_01/TEXTURE/T_GUCI_01.png
  artifactKey: Guid(352f532a3bce0d14db11a77ef46a78b8) Importer(815301076,1909f56bfc062723c751e8b465ee728b)
Start importing Assets/ASSET PROJECT UNITY/3A/Kelompok 4-3A/Gucci/GUCI_01/TEXTURE/T_GUCI_01.png using Guid(352f532a3bce0d14db11a77ef46a78b8) Importer(815301076,1909f56bfc062723c751e8b465ee728b)  -> (artifact id: '57099c25ab02fe94f56ec2978aa655d9') in 0.020509 seconds
Number of updated asset objects reloaded before import = 0
Number of asset objects unloaded after import = 2
========================================================================
Received Import Request.
  Time since last request: 89.862871 seconds.
  path: Assets/ASSET PROJECT UNITY/3A/Kelompok 4-3A/Gucci/GUCI_02/TEXTURE/T_GUCI_02.png
  artifactKey: Guid(db82a6a2f68219d43a9cbc32463f298a) Importer(815301076,1909f56bfc062723c751e8b465ee728b)
Start importing Assets/ASSET PROJECT UNITY/3A/Kelompok 4-3A/Gucci/GUCI_02/TEXTURE/T_GUCI_02.png using Guid(db82a6a2f68219d43a9cbc32463f298a) Importer(815301076,1909f56bfc062723c751e8b465ee728b)  -> (artifact id: 'deea9948aacf0fb1befa2b5e574adf3c') in 0.020784 seconds
Number of updated asset objects reloaded before import = 0
Number of asset objects unloaded after import = 2
========================================================================
Received Import Request.
  Time since last request: 31.486615 seconds.
  path: Assets/ASSET PROJECT UNITY/3A/Kelompok 4-3A/Gucci/GUCI_03/TEXTURE/T_GUCI_03.png
  artifactKey: Guid(197dcb53fbdc3a442828f6faf4e747d7) Importer(815301076,1909f56bfc062723c751e8b465ee728b)
Start importing Assets/ASSET PROJECT UNITY/3A/Kelompok 4-3A/Gucci/GUCI_03/TEXTURE/T_GUCI_03.png using Guid(197dcb53fbdc3a442828f6faf4e747d7) Importer(815301076,1909f56bfc062723c751e8b465ee728b)  -> (artifact id: '2fd2292ccad90f45798a02d495845ee6') in 0.019194 seconds
Number of updated asset objects reloaded before import = 0
Number of asset objects unloaded after import = 2
========================================================================
Received Import Request.
  Time since last request: 107.822701 seconds.
  path: Assets/wooden-ceiling-lamp/source/ceiling_lamp_blend/Lamp.Glass.mat
  artifactKey: Guid(d0706a20f89d4bf48b042197def071a6) Importer(815301076,1909f56bfc062723c751e8b465ee728b)
Start importing Assets/wooden-ceiling-lamp/source/ceiling_lamp_blend/Lamp.Glass.mat using Guid(d0706a20f89d4bf48b042197def071a6) Importer(815301076,1909f56bfc062723c751e8b465ee728b)  -> (artifact id: 'eecbfccd91962edef3a9ec556df2a187') in 0.012799 seconds
Number of updated asset objects reloaded before import = 0
Number of asset objects unloaded after import = 2
========================================================================
Received Import Request.
  Time since last request: 0.000026 seconds.
  path: Assets/wooden-ceiling-lamp/source/ceiling_lamp_blend/P06_DIFF.jpg
  artifactKey: Guid(961ccfc817fa5ae4880ae86db0ccb36a) Importer(815301076,1909f56bfc062723c751e8b465ee728b)
Start importing Assets/wooden-ceiling-lamp/source/ceiling_lamp_blend/P06_DIFF.jpg using Guid(961ccfc817fa5ae4880ae86db0ccb36a) Importer(815301076,1909f56bfc062723c751e8b465ee728b)  -> (artifact id: 'f3fbaa6af31e0ff4ffb514474ac922b2') in 0.024275 seconds
Number of updated asset objects reloaded before import = 0
Number of asset objects unloaded after import = 2
========================================================================
Received Import Request.
  Time since last request: 0.000035 seconds.
  path: Assets/wooden-ceiling-lamp/source/ceiling_lamp_blend/Wood.mat
  artifactKey: Guid(e13f52f5cd7fb0b409e67546eb13d019) Importer(815301076,1909f56bfc062723c751e8b465ee728b)
Start importing Assets/wooden-ceiling-lamp/source/ceiling_lamp_blend/Wood.mat using Guid(e13f52f5cd7fb0b409e67546eb13d019) Importer(815301076,1909f56bfc062723c751e8b465ee728b)  -> (artifact id: '9c59cd3fd75e7a071c81f075cb379847') in 0.024876 seconds
Number of updated asset objects reloaded before import = 0
Number of asset objects unloaded after import = 4
========================================================================
Received Import Request.
  Time since last request: 50.188079 seconds.
  path: Assets/ASSET PROJECT UNITY/3A/Kelompok 4-3A/Poster Display/Asset/Display/Texture/T_Tjoet_Nya'_Dhien_D.png
  artifactKey: Guid(9116740867eb249428a27b77664d3498) Importer(815301076,1909f56bfc062723c751e8b465ee728b)
Start importing Assets/ASSET PROJECT UNITY/3A/Kelompok 4-3A/Poster Display/Asset/Display/Texture/T_Tjoet_Nya'_Dhien_D.png using Guid(9116740867eb249428a27b77664d3498) Importer(815301076,1909f56bfc062723c751e8b465ee728b)  -> (artifact id: '40d63b93a8f1240f844b7d833e0e5c3f') in 0.018359 seconds
Number of updated asset objects reloaded before import = 0
Number of asset objects unloaded after import = 2
Editor requested this worker to shutdown with reason: Scaling down because of idle timeout
TcpMessagingSession - receive error: operation aborted. errorcode: 995, details: The I/O operation has been aborted because of either a thread exit or an application request.
AssetImportWorker is now disconnected from the server
Process exiting
Exiting without the bug reporter. Application will terminate with return code 0