Using pre-set license
Built from '2022.3/staging' branch; Version is '2022.3.10f1 (ff3792e53c62) revision 16725906'; Using compiler version '192829333'; Build Type 'Release'
OS: 'Windows 11  (10.0.22631) 64bit CoreSingleLanguage' Language: 'en' Physical Memory: 14188 MB
BatchMode: 1, IsHumanControllingUs: 0, StartBugReporterOnCrash: 0, Is64bit: 1, IsPro: 1

COMMAND LINE ARGUMENTS:
C:\Program Files\Unity\Hub\Editor\2022.3.10f1\Editor\Unity.exe
-adb2
-batchMode
-noUpm
-name
AssetImportWorker2
-projectPath
E:/GIthub/Museum/Project-Museum/Museum
-logFile
Logs/AssetImportWorker2.log
-srvPort
57232
Successfully changed project path to: E:/GIthub/Museum/Project-Museum/Museum
E:/GIthub/Museum/Project-Museum/Museum
[UnityMemory] Configuration Parameters - Can be set up in boot.config
    "memorysetup-bucket-allocator-granularity=16"
    "memorysetup-bucket-allocator-bucket-count=8"
    "memorysetup-bucket-allocator-block-size=33554432"
    "memorysetup-bucket-allocator-block-count=8"
    "memorysetup-main-allocator-block-size=16777216"
    "memorysetup-thread-allocator-block-size=16777216"
    "memorysetup-gfx-main-allocator-block-size=16777216"
    "memorysetup-gfx-thread-allocator-block-size=16777216"
    "memorysetup-cache-allocator-block-size=4194304"
    "memorysetup-typetree-allocator-block-size=2097152"
    "memorysetup-profiler-bucket-allocator-granularity=16"
    "memorysetup-profiler-bucket-allocator-bucket-count=8"
    "memorysetup-profiler-bucket-allocator-block-size=33554432"
    "memorysetup-profiler-bucket-allocator-block-count=8"
    "memorysetup-profiler-allocator-block-size=16777216"
    "memorysetup-profiler-editor-allocator-block-size=1048576"
    "memorysetup-temp-allocator-size-main=16777216"
    "memorysetup-job-temp-allocator-block-size=2097152"
    "memorysetup-job-temp-allocator-block-size-background=1048576"
    "memorysetup-job-temp-allocator-reduction-small-platforms=262144"
    "memorysetup-allocator-temp-initial-block-size-main=262144"
    "memorysetup-allocator-temp-initial-block-size-worker=262144"
    "memorysetup-temp-allocator-size-background-worker=32768"
    "memorysetup-temp-allocator-size-job-worker=262144"
    "memorysetup-temp-allocator-size-preload-manager=33554432"
    "memorysetup-temp-allocator-size-nav-mesh-worker=65536"
    "memorysetup-temp-allocator-size-audio-worker=65536"
    "memorysetup-temp-allocator-size-cloud-worker=32768"
    "memorysetup-temp-allocator-size-gi-baking-worker=262144"
    "memorysetup-temp-allocator-size-gfx=262144"
Player connection [18464] Host "[IP] 192.168.74.89 [Port] 0 [Flags] 2 [Guid] 2927265043 [EditorId] 2927265043 [Version] 1048832 [Id] WindowsEditor(7,LAPTOP-TMGPBVB5) [Debug] 1 [PackageName] WindowsEditor [ProjectName] Editor" joined multi-casting on [225.0.0.222:54997]...

Player connection [18464] Host "[IP] 192.168.74.89 [Port] 0 [Flags] 2 [Guid] 2927265043 [EditorId] 2927265043 [Version] 1048832 [Id] WindowsEditor(7,LAPTOP-TMGPBVB5) [Debug] 1 [PackageName] WindowsEditor [ProjectName] Editor" joined alternative multi-casting on [225.0.0.222:34997]...

[Physics::Module] Initialized MultithreadedJobDispatcher with 11 workers.
Refreshing native plugins compatible for Editor in 22.19 ms, found 3 plugins.
Preloading 0 native plugins for Editor in 0.00 ms.
Initialize engine version: 2022.3.10f1 (ff3792e53c62)
[Subsystems] Discovering subsystems at path C:/Program Files/Unity/Hub/Editor/2022.3.10f1/Editor/Data/Resources/UnitySubsystems
[Subsystems] Discovering subsystems at path E:/GIthub/Museum/Project-Museum/Museum/Assets
GfxDevice: creating device client; threaded=0; jobified=0
Direct3D:
    Version:  Direct3D 11.0 [level 11.1]
    Renderer: NVIDIA GeForce RTX 3050 Laptop GPU (ID=0x25a2)
    Vendor:   NVIDIA
    VRAM:     3965 MB
    Driver:   32.0.15.6109
Initialize mono
Mono path[0] = 'C:/Program Files/Unity/Hub/Editor/2022.3.10f1/Editor/Data/Managed'
Mono path[1] = 'C:/Program Files/Unity/Hub/Editor/2022.3.10f1/Editor/Data/MonoBleedingEdge/lib/mono/unityjit-win32'
Mono config path = 'C:/Program Files/Unity/Hub/Editor/2022.3.10f1/Editor/Data/MonoBleedingEdge/etc'
Using monoOptions --debugger-agent=transport=dt_socket,embedding=1,server=y,suspend=n,address=127.0.0.1:56220
Begin MonoManager ReloadAssembly
Registering precompiled unity dll's ...
Register platform support module: C:/Program Files/Unity/Hub/Editor/2022.3.10f1/Editor/Data/PlaybackEngines/AndroidPlayer/UnityEditor.Android.Extensions.dll
Register platform support module: C:/Program Files/Unity/Hub/Editor/2022.3.10f1/Editor/Data/PlaybackEngines/WindowsStandaloneSupport/UnityEditor.WindowsStandalone.Extensions.dll
Registered in 0.019344 seconds.
- Loaded All Assemblies, in  0.518 seconds
Native extension for WindowsStandalone target not found
Native extension for Android target not found
Android Extension - Scanning For ADB Devices 543 ms
Mono: successfully reloaded assembly
- Finished resetting the current domain, in  0.950 seconds
Domain Reload Profiling: 1466ms
	BeginReloadAssembly (196ms)
		ExecutionOrderSort (0ms)
		DisableScriptedObjects (0ms)
		BackupInstance (0ms)
		ReleaseScriptingObjects (0ms)
		CreateAndSetChildDomain (1ms)
	RebuildCommonClasses (42ms)
	RebuildNativeTypeToScriptingClass (10ms)
	initialDomainReloadingComplete (83ms)
	LoadAllAssembliesAndSetupDomain (184ms)
		LoadAssemblies (192ms)
		RebuildTransferFunctionScriptingTraits (0ms)
		AnalyzeDomain (180ms)
			TypeCache.Refresh (176ms)
				TypeCache.ScanAssembly (159ms)
			ScanForSourceGeneratedMonoScriptInfo (1ms)
			ResolveRequiredComponents (3ms)
	FinalizeReload (950ms)
		ReleaseScriptCaches (0ms)
		RebuildScriptCaches (0ms)
		SetupLoadedEditorAssemblies (889ms)
			LogAssemblyErrors (0ms)
			InitializePlatformSupportModulesInManaged (689ms)
			SetLoadedEditorAssemblies (6ms)
			RefreshPlugins (0ms)
			BeforeProcessingInitializeOnLoad (4ms)
			ProcessInitializeOnLoadAttributes (124ms)
			ProcessInitializeOnLoadMethodAttributes (66ms)
			AfterProcessingInitializeOnLoad (0ms)
			EditorAssembliesLoaded (0ms)
		ExecutionOrderSort2 (0ms)
		AwakeInstancesAfterBackupRestoration (0ms)
========================================================================
Worker process is ready to serve import requests
Begin MonoManager ReloadAssembly
- Loaded All Assemblies, in  1.115 seconds
Refreshing native plugins compatible for Editor in 2.85 ms, found 3 plugins.
Native extension for WindowsStandalone target not found
Native extension for Android target not found
Mono: successfully reloaded assembly
- Finished resetting the current domain, in  0.883 seconds
Domain Reload Profiling: 1991ms
	BeginReloadAssembly (214ms)
		ExecutionOrderSort (0ms)
		DisableScriptedObjects (5ms)
		BackupInstance (0ms)
		ReleaseScriptingObjects (0ms)
		CreateAndSetChildDomain (29ms)
	RebuildCommonClasses (30ms)
	RebuildNativeTypeToScriptingClass (14ms)
	initialDomainReloadingComplete (40ms)
	LoadAllAssembliesAndSetupDomain (810ms)
		LoadAssemblies (664ms)
		RebuildTransferFunctionScriptingTraits (0ms)
		AnalyzeDomain (285ms)
			TypeCache.Refresh (243ms)
				TypeCache.ScanAssembly (221ms)
			ScanForSourceGeneratedMonoScriptInfo (28ms)
			ResolveRequiredComponents (12ms)
	FinalizeReload (883ms)
		ReleaseScriptCaches (0ms)
		RebuildScriptCaches (0ms)
		SetupLoadedEditorAssemblies (685ms)
			LogAssemblyErrors (0ms)
			InitializePlatformSupportModulesInManaged (32ms)
			SetLoadedEditorAssemblies (4ms)
			RefreshPlugins (0ms)
			BeforeProcessingInitializeOnLoad (81ms)
			ProcessInitializeOnLoadAttributes (471ms)
			ProcessInitializeOnLoadMethodAttributes (87ms)
			AfterProcessingInitializeOnLoad (10ms)
			EditorAssembliesLoaded (0ms)
		ExecutionOrderSort2 (0ms)
		AwakeInstancesAfterBackupRestoration (10ms)
Launched and connected shader compiler UnityShaderCompiler.exe after 0.08 seconds
Refreshing native plugins compatible for Editor in 4.59 ms, found 3 plugins.
Preloading 0 native plugins for Editor in 0.00 ms.
Unloading 4941 Unused Serialized files (Serialized files now loaded: 0)
Unloading 62 unused Assets / (350.4 KB). Loaded Objects now: 5405.
Memory consumption went from 206.3 MB to 205.9 MB.
Total: 7.586400 ms (FindLiveObjects: 0.818800 ms CreateObjectMapping: 0.470900 ms MarkObjects: 5.832400 ms  DeleteObjects: 0.462700 ms)

AssetImportParameters requested are different than current active one (requested -> active):
  custom:container-demuxer-ogg: 62fdf1f143b41e24485cea50d1cbac27 -> 
  custom:video-codec-MediaFoundation-h265: 746d11721c4dcdbdad8f713fa42b33f4 -> 
  custom:video-decoder-ogg-theora: a1e56fd34408186e4bbccfd4996cb3dc -> 
  custom:framework-win-MediaFoundation: 216162199b28c13a410421893ffa2e32 -> 
  custom:CustomObjectIndexerAttribute: a3ef5dd2817f97addfee359851a9dba5 -> 
  custom:container-demuxer-webm: 4f35f7cbe854078d1ac9338744f61a02 -> 
  custom:container-muxer-webm: aa71ff27fc2769a1b78a27578f13a17b -> 
  custom:video-decoder-webm-vp8: 9c59270c3fd7afecdb556c50c9e8de78 -> 
  custom:SearchIndexIgnoredProperties: e643bd26f0fe6173181afceb89e7c659 -> 
  custom:AudioImporter_EditorPlatform: d09bf68614088b80899f8185d706f6e7 -> 
  custom:video-encoder-webm-vp8: eb34c28f22e8b96e1ab97ce403110664 -> 
  custom:audio-decoder-ogg-vorbis: bf7c407c2cedff20999df2af8eb42d56 -> 
  custom:audio-encoder-webm-vorbis: bf7c407c2cedff20999df2af8eb42d56 -> 
========================================================================
Received Import Request.
  Time since last request: 51351.181283 seconds.
  path: Assets/ASSET PROJECT UNITY/3B/Kelompok 1-3B/meja_etalase.blend
  artifactKey: Guid(6a8fe6cdb870a694e9fd88c3e5028654) Importer(815301076,1909f56bfc062723c751e8b465ee728b)
Start importing Assets/ASSET PROJECT UNITY/3B/Kelompok 1-3B/meja_etalase.blend using Guid(6a8fe6cdb870a694e9fd88c3e5028654) Importer(815301076,1909f56bfc062723c751e8b465ee728b)  -> (artifact id: '44bd9c001c84dc1b81e77eaa501cc5c3') in 0.559254 seconds
Number of updated asset objects reloaded before import = 0
Number of asset objects unloaded after import = 89
========================================================================
Received Import Request.
  Time since last request: 419.058996 seconds.
  path: Assets/ASSET PROJECT UNITY/3B/Kelompok 3-3B/Rak
  artifactKey: Guid(784f705a734845a42b75eb859ed0d5a1) Importer(815301076,1909f56bfc062723c751e8b465ee728b)
Start importing Assets/ASSET PROJECT UNITY/3B/Kelompok 3-3B/Rak using Guid(784f705a734845a42b75eb859ed0d5a1) Importer(815301076,1909f56bfc062723c751e8b465ee728b)  -> (artifact id: '00f19bfda020bf093a80fb9ab688fb0e') in 0.001055 seconds
Number of updated asset objects reloaded before import = 0
Number of asset objects unloaded after import = 0
========================================================================
Received Import Request.
  Time since last request: 0.426122 seconds.
  path: Assets/ASSET PROJECT UNITY/3B/Kelompok 3-3B/Senjata
  artifactKey: Guid(0db9415bbc33d4a4da23486297f6baf3) Importer(815301076,1909f56bfc062723c751e8b465ee728b)
Start importing Assets/ASSET PROJECT UNITY/3B/Kelompok 3-3B/Senjata using Guid(0db9415bbc33d4a4da23486297f6baf3) Importer(815301076,1909f56bfc062723c751e8b465ee728b)  -> (artifact id: '3c65deee981e59ad6bba21408aa1000d') in 0.000666 seconds
Number of updated asset objects reloaded before import = 0
Number of asset objects unloaded after import = 0
========================================================================
Received Import Request.
  Time since last request: 0.562891 seconds.
  path: Assets/ASSET PROJECT UNITY/3B/Kelompok 3-3B/Senjata/texturing peudeng (1)
  artifactKey: Guid(30ef031b379f5d0419e9ecf0d8e42ae4) Importer(815301076,1909f56bfc062723c751e8b465ee728b)
Start importing Assets/ASSET PROJECT UNITY/3B/Kelompok 3-3B/Senjata/texturing peudeng (1) using Guid(30ef031b379f5d0419e9ecf0d8e42ae4) Importer(815301076,1909f56bfc062723c751e8b465ee728b)  -> (artifact id: 'a25bdfc5681da2a2b8d87cea0e664a93') in 0.001135 seconds
Number of updated asset objects reloaded before import = 0
Number of asset objects unloaded after import = 0
========================================================================
Received Import Request.
  Time since last request: 0.719756 seconds.
  path: Assets/ASSET PROJECT UNITY/3B/Kelompok 3-3B/Senjata/texturing peudeng (1)/texturing peudeng
  artifactKey: Guid(e2eb06fca723aca418aeeeccf53373b1) Importer(815301076,1909f56bfc062723c751e8b465ee728b)
Start importing Assets/ASSET PROJECT UNITY/3B/Kelompok 3-3B/Senjata/texturing peudeng (1)/texturing peudeng using Guid(e2eb06fca723aca418aeeeccf53373b1) Importer(815301076,1909f56bfc062723c751e8b465ee728b)  -> (artifact id: '04f9696424f78d73e4ed7a1d52e1a824') in 0.000912 seconds
Number of updated asset objects reloaded before import = 0
Number of asset objects unloaded after import = 0
========================================================================
Received Import Request.
  Time since last request: 0.600154 seconds.
  path: Assets/ASSET PROJECT UNITY/3B/Kelompok 3-3B/Senjata/texturing peudeng (1)/texturing peudeng/tugas texturing
  artifactKey: Guid(653e8ef2b3201544ca16eb05d5c836e6) Importer(815301076,1909f56bfc062723c751e8b465ee728b)
Start importing Assets/ASSET PROJECT UNITY/3B/Kelompok 3-3B/Senjata/texturing peudeng (1)/texturing peudeng/tugas texturing using Guid(653e8ef2b3201544ca16eb05d5c836e6) Importer(815301076,1909f56bfc062723c751e8b465ee728b)  -> (artifact id: '9892c6ade08266032889dcb66b4e40fe') in 0.000599 seconds
Number of updated asset objects reloaded before import = 0
Number of asset objects unloaded after import = 0
========================================================================
Received Import Request.
  Time since last request: 0.110343 seconds.
  path: Assets/ASSET PROJECT UNITY/3B/Kelompok 3-3B/Senjata/texturing peudeng (1)/texturing peudeng/tugas texturing/dark_wood_diff_4k.jpg
  artifactKey: Guid(5a2078160ae22c74e9e50712f264db1a) Importer(815301076,1909f56bfc062723c751e8b465ee728b)
Start importing Assets/ASSET PROJECT UNITY/3B/Kelompok 3-3B/Senjata/texturing peudeng (1)/texturing peudeng/tugas texturing/dark_wood_diff_4k.jpg using Guid(5a2078160ae22c74e9e50712f264db1a) Importer(815301076,1909f56bfc062723c751e8b465ee728b)  -> (artifact id: '598d4c0a1b03352c7828edbc647583fe') in 0.040424 seconds
Number of updated asset objects reloaded before import = 0
Number of asset objects unloaded after import = 2
========================================================================
Received Import Request.
  Time since last request: 0.000019 seconds.
  path: Assets/ASSET PROJECT UNITY/3B/Kelompok 3-3B/Senjata/texturing peudeng (1)/texturing peudeng/tugas texturing/Pedang_aceh tekstur.blend
  artifactKey: Guid(aa89d40580cdb71458a97d262b457ee9) Importer(815301076,1909f56bfc062723c751e8b465ee728b)
Start importing Assets/ASSET PROJECT UNITY/3B/Kelompok 3-3B/Senjata/texturing peudeng (1)/texturing peudeng/tugas texturing/Pedang_aceh tekstur.blend using Guid(aa89d40580cdb71458a97d262b457ee9) Importer(815301076,1909f56bfc062723c751e8b465ee728b)  -> (artifact id: '04728c394555d534ad2ed7733d6de9c5') in 0.112521 seconds
Number of updated asset objects reloaded before import = 0
Number of asset objects unloaded after import = 33
========================================================================
Received Import Request.
  Time since last request: 1.504104 seconds.
  path: Assets/ASSET PROJECT UNITY/3B/Kelompok 3-3B/Senjata/texturing peudeng (1)/texturing peudeng/tugas texturing/textures
  artifactKey: Guid(3867487baf6dce044adfb8c5a9e27200) Importer(815301076,1909f56bfc062723c751e8b465ee728b)
Start importing Assets/ASSET PROJECT UNITY/3B/Kelompok 3-3B/Senjata/texturing peudeng (1)/texturing peudeng/tugas texturing/textures using Guid(3867487baf6dce044adfb8c5a9e27200) Importer(815301076,1909f56bfc062723c751e8b465ee728b)  -> (artifact id: '3dab7a3254c7f7f56bc81274cc8ba600') in 0.000637 seconds
Number of updated asset objects reloaded before import = 0
Number of asset objects unloaded after import = 0
========================================================================
Received Import Request.
  Time since last request: 0.055739 seconds.
  path: Assets/ASSET PROJECT UNITY/3B/Kelompok 3-3B/Senjata/texturing peudeng (1)/texturing peudeng/tugas texturing/textures/dark_wood_diff_4k.jpg
  artifactKey: Guid(dbd7d1b283cff694cabdfd4531025c2c) Importer(815301076,1909f56bfc062723c751e8b465ee728b)
Start importing Assets/ASSET PROJECT UNITY/3B/Kelompok 3-3B/Senjata/texturing peudeng (1)/texturing peudeng/tugas texturing/textures/dark_wood_diff_4k.jpg using Guid(dbd7d1b283cff694cabdfd4531025c2c) Importer(815301076,1909f56bfc062723c751e8b465ee728b)  -> (artifact id: 'cae52bfa5bc4b949173536f48fac74a2') in 0.019620 seconds
Number of updated asset objects reloaded before import = 0
Number of asset objects unloaded after import = 2
========================================================================
Received Import Request.
  Time since last request: 0.000018 seconds.
  path: Assets/ASSET PROJECT UNITY/3B/Kelompok 3-3B/Senjata/texturing peudeng (1)/texturing peudeng/tugas texturing/textures/dark_wood_nor_gl_4k.exr
  artifactKey: Guid(ab4b589dc0bda2345bab3b339c6d49fe) Importer(815301076,1909f56bfc062723c751e8b465ee728b)
Start importing Assets/ASSET PROJECT UNITY/3B/Kelompok 3-3B/Senjata/texturing peudeng (1)/texturing peudeng/tugas texturing/textures/dark_wood_nor_gl_4k.exr using Guid(ab4b589dc0bda2345bab3b339c6d49fe) Importer(815301076,1909f56bfc062723c751e8b465ee728b)  -> (artifact id: '0776e3b3e634f6b1ff86bbce3b5e8364') in 0.027302 seconds
Number of updated asset objects reloaded before import = 0
Number of asset objects unloaded after import = 2
========================================================================
Received Import Request.
  Time since last request: 689.547354 seconds.
  path: Assets/Map/LAST blend.fbx
  artifactKey: Guid(52f3d5bc661119d42841cf1961c1f02c) Importer(815301076,1909f56bfc062723c751e8b465ee728b)
Start importing Assets/Map/LAST blend.fbx using Guid(52f3d5bc661119d42841cf1961c1f02c) Importer(815301076,1909f56bfc062723c751e8b465ee728b)  -> (artifact id: '1e937902f3274b2ad37f3fa81a2b2ee7') in 0.242557 seconds
Number of updated asset objects reloaded before import = 0
Number of asset objects unloaded after import = 82
========================================================================
Received Import Request.
  Time since last request: 1.975301 seconds.
  path: Assets/Map/drive-download-20241122T090603Z-001/LAST blend.blend
  artifactKey: Guid(47f5b30404cc5bb49be635e7a2fbf72f) Importer(815301076,1909f56bfc062723c751e8b465ee728b)
Start importing Assets/Map/drive-download-20241122T090603Z-001/LAST blend.blend using Guid(47f5b30404cc5bb49be635e7a2fbf72f) Importer(815301076,1909f56bfc062723c751e8b465ee728b)  -> (artifact id: '5687cc9a39cfc73cf5147fe9515ec764') in 0.257168 seconds
Number of updated asset objects reloaded before import = 0
Number of asset objects unloaded after import = 99
========================================================================
Received Import Request.
  Time since last request: 661.787214 seconds.
  path: Assets/Map/drive-download-20241122T090603Z-001/LAST blend.blend
  artifactKey: Guid(47f5b30404cc5bb49be635e7a2fbf72f) Importer(815301076,1909f56bfc062723c751e8b465ee728b)
Start importing Assets/Map/drive-download-20241122T090603Z-001/LAST blend.blend using Guid(47f5b30404cc5bb49be635e7a2fbf72f) Importer(815301076,1909f56bfc062723c751e8b465ee728b)  -> (artifact id: '437f6e8d6ef94146d06a837ad8461778') in 0.231142 seconds
Number of updated asset objects reloaded before import = 0
Number of asset objects unloaded after import = 99
========================================================================
Received Import Request.
  Time since last request: 41.239464 seconds.
  path: Assets/Map/drive-download-20241122T090603Z-001/Materials/Gatsby-Martini-Matt-12x24-001-DIFFUSE-4K.mat
  artifactKey: Guid(20bd79477f1ae924c9647fba198ddd0e) Importer(815301076,1909f56bfc062723c751e8b465ee728b)
Start importing Assets/Map/drive-download-20241122T090603Z-001/Materials/Gatsby-Martini-Matt-12x24-001-DIFFUSE-4K.mat using Guid(20bd79477f1ae924c9647fba198ddd0e) Importer(815301076,1909f56bfc062723c751e8b465ee728b)  -> (artifact id: '0f439e15dd22dd702a57383457b7f2c8') in 0.021892 seconds
Number of updated asset objects reloaded before import = 0
Number of asset objects unloaded after import = 2
========================================================================
Received Import Request.
  Time since last request: 0.000021 seconds.
  path: Assets/Map/drive-download-20241122T090603Z-001/Materials/PLATINUM-SANDBLASTED-Random-Running-Bond-001-DIFFUSE-4K.mat
  artifactKey: Guid(8cfa03cbc58b89546bcb1064857fad7b) Importer(815301076,1909f56bfc062723c751e8b465ee728b)
Start importing Assets/Map/drive-download-20241122T090603Z-001/Materials/PLATINUM-SANDBLASTED-Random-Running-Bond-001-DIFFUSE-4K.mat using Guid(8cfa03cbc58b89546bcb1064857fad7b) Importer(815301076,1909f56bfc062723c751e8b465ee728b)  -> (artifact id: 'b1d25b8edfcd21ca61c84aab93564462') in 0.011188 seconds
Number of updated asset objects reloaded before import = 0
Number of asset objects unloaded after import = 3
========================================================================
Received Import Request.
  Time since last request: 2.502053 seconds.
  path: Assets/Map/drive-download-20241122T090603Z-001/textures/Gatsby-Martini-Matt-12x24-001-DIFFUSE-4K.png
  artifactKey: Guid(3751dc8da41f8c24ea069cc152dbafef) Importer(815301076,1909f56bfc062723c751e8b465ee728b)
Start importing Assets/Map/drive-download-20241122T090603Z-001/textures/Gatsby-Martini-Matt-12x24-001-DIFFUSE-4K.png using Guid(3751dc8da41f8c24ea069cc152dbafef) Importer(815301076,1909f56bfc062723c751e8b465ee728b)  -> (artifact id: '152f31de11edbcc653e81373e9274a79') in 0.096549 seconds
Number of updated asset objects reloaded before import = 0
Number of asset objects unloaded after import = 2
========================================================================
Received Import Request.
  Time since last request: 0.000029 seconds.
  path: Assets/Map/drive-download-20241122T090603Z-001/textures/Plaster001_4K-JPG_Color.jpg
  artifactKey: Guid(a49bb8e800738374d8f43fcca2fee02e) Importer(815301076,1909f56bfc062723c751e8b465ee728b)
Start importing Assets/Map/drive-download-20241122T090603Z-001/textures/Plaster001_4K-JPG_Color.jpg using Guid(a49bb8e800738374d8f43fcca2fee02e) Importer(815301076,1909f56bfc062723c751e8b465ee728b)  -> (artifact id: '8faedc7aae72bd4b565759959d568083') in 0.026613 seconds
Number of updated asset objects reloaded before import = 0
Number of asset objects unloaded after import = 2
========================================================================
Received Import Request.
  Time since last request: 0.000037 seconds.
  path: Assets/Map/drive-download-20241122T090603Z-001/textures/PLATINUM-SANDBLASTED-Random-Running-Bond-001-DIFFUSE-4K.png
  artifactKey: Guid(619c91ac25438484cbffdc07ca8c560b) Importer(815301076,1909f56bfc062723c751e8b465ee728b)
Start importing Assets/Map/drive-download-20241122T090603Z-001/textures/PLATINUM-SANDBLASTED-Random-Running-Bond-001-DIFFUSE-4K.png using Guid(619c91ac25438484cbffdc07ca8c560b) Importer(815301076,1909f56bfc062723c751e8b465ee728b)  -> (artifact id: 'ff6c5ed94391da47c7cba271f7a782b9') in 0.021953 seconds
Number of updated asset objects reloaded before import = 0
Number of asset objects unloaded after import = 2
========================================================================
Received Import Request.
  Time since last request: 13.750681 seconds.
  path: Assets/map textrj/lampu.prefab
  artifactKey: Guid(82af38c8049971441bbca13ca04afd81) Importer(815301076,1909f56bfc062723c751e8b465ee728b)
Start importing Assets/map textrj/lampu.prefab using Guid(82af38c8049971441bbca13ca04afd81) Importer(815301076,1909f56bfc062723c751e8b465ee728b)  -> (artifact id: 'bad5430611c14649229590cd0f57e7f1') in 0.076309 seconds
Number of updated asset objects reloaded before import = 0
Number of asset objects unloaded after import = 33
========================================================================
Received Import Request.
  Time since last request: 2414.028789 seconds.
  path: Assets/Map/drive-download-20241122T090603Z-001/LAST blend.blend
  artifactKey: Guid(47f5b30404cc5bb49be635e7a2fbf72f) Importer(815301076,1909f56bfc062723c751e8b465ee728b)
Start importing Assets/Map/drive-download-20241122T090603Z-001/LAST blend.blend using Guid(47f5b30404cc5bb49be635e7a2fbf72f) Importer(815301076,1909f56bfc062723c751e8b465ee728b)  -> (artifact id: '24693b9127b2ab26490b22313d05d2c0') in 0.304964 seconds
Number of updated asset objects reloaded before import = 0
Number of asset objects unloaded after import = 99
