Using pre-set license
Built from '2022.3/staging' branch; Version is '2022.3.10f1 (ff3792e53c62) revision 16725906'; Using compiler version '192829333'; Build Type 'Release'
OS: 'Windows 11  (10.0.22631) 64bit CoreSingleLanguage' Language: 'en' Physical Memory: 14188 MB
BatchMode: 1, IsHumanControllingUs: 0, StartBugReporterOnCrash: 0, Is64bit: 1, IsPro: 1

COMMAND LINE ARGUMENTS:
C:\Program Files\Unity\Hub\Editor\2022.3.10f1\Editor\Unity.exe
-adb2
-batchMode
-noUpm
-name
AssetImportWorker4
-projectPath
E:/GIthub/Museum/Project-Museum/Museum
-logFile
Logs/AssetImportWorker4.log
-srvPort
49643
Successfully changed project path to: E:/GIthub/Museum/Project-Museum/Museum
E:/GIthub/Museum/Project-Museum/Museum
[UnityMemory] Configuration Parameters - Can be set up in boot.config
    "memorysetup-bucket-allocator-granularity=16"
    "memorysetup-bucket-allocator-bucket-count=8"
    "memorysetup-bucket-allocator-block-size=33554432"
    "memorysetup-bucket-allocator-block-count=8"
    "memorysetup-main-allocator-block-size=16777216"
    "memorysetup-thread-allocator-block-size=16777216"
    "memorysetup-gfx-main-allocator-block-size=16777216"
    "memorysetup-gfx-thread-allocator-block-size=16777216"
    "memorysetup-cache-allocator-block-size=4194304"
    "memorysetup-typetree-allocator-block-size=2097152"
    "memorysetup-profiler-bucket-allocator-granularity=16"
    "memorysetup-profiler-bucket-allocator-bucket-count=8"
    "memorysetup-profiler-bucket-allocator-block-size=33554432"
    "memorysetup-profiler-bucket-allocator-block-count=8"
    "memorysetup-profiler-allocator-block-size=16777216"
    "memorysetup-profiler-editor-allocator-block-size=1048576"
    "memorysetup-temp-allocator-size-main=16777216"
    "memorysetup-job-temp-allocator-block-size=2097152"
    "memorysetup-job-temp-allocator-block-size-background=1048576"
    "memorysetup-job-temp-allocator-reduction-small-platforms=262144"
    "memorysetup-allocator-temp-initial-block-size-main=262144"
    "memorysetup-allocator-temp-initial-block-size-worker=262144"
    "memorysetup-temp-allocator-size-background-worker=32768"
    "memorysetup-temp-allocator-size-job-worker=262144"
    "memorysetup-temp-allocator-size-preload-manager=33554432"
    "memorysetup-temp-allocator-size-nav-mesh-worker=65536"
    "memorysetup-temp-allocator-size-audio-worker=65536"
    "memorysetup-temp-allocator-size-cloud-worker=32768"
    "memorysetup-temp-allocator-size-gi-baking-worker=262144"
    "memorysetup-temp-allocator-size-gfx=262144"
Player connection [19168] Host "[IP] 192.168.74.89 [Port] 0 [Flags] 2 [Guid] 1388982311 [EditorId] 1388982311 [Version] 1048832 [Id] WindowsEditor(7,LAPTOP-TMGPBVB5) [Debug] 1 [PackageName] WindowsEditor [ProjectName] Editor" joined multi-casting on [225.0.0.222:54997]...

Player connection [19168] Host "[IP] 192.168.74.89 [Port] 0 [Flags] 2 [Guid] 1388982311 [EditorId] 1388982311 [Version] 1048832 [Id] WindowsEditor(7,LAPTOP-TMGPBVB5) [Debug] 1 [PackageName] WindowsEditor [ProjectName] Editor" joined alternative multi-casting on [225.0.0.222:34997]...

[Physics::Module] Initialized MultithreadedJobDispatcher with 11 workers.
Refreshing native plugins compatible for Editor in 27.00 ms, found 3 plugins.
Preloading 0 native plugins for Editor in 0.00 ms.
Initialize engine version: 2022.3.10f1 (ff3792e53c62)
[Subsystems] Discovering subsystems at path C:/Program Files/Unity/Hub/Editor/2022.3.10f1/Editor/Data/Resources/UnitySubsystems
[Subsystems] Discovering subsystems at path E:/GIthub/Museum/Project-Museum/Museum/Assets
GfxDevice: creating device client; threaded=0; jobified=0
Direct3D:
    Version:  Direct3D 11.0 [level 11.1]
    Renderer: NVIDIA GeForce RTX 3050 Laptop GPU (ID=0x25a2)
    Vendor:   NVIDIA
    VRAM:     3965 MB
    Driver:   32.0.15.6109
Initialize mono
Mono path[0] = 'C:/Program Files/Unity/Hub/Editor/2022.3.10f1/Editor/Data/Managed'
Mono path[1] = 'C:/Program Files/Unity/Hub/Editor/2022.3.10f1/Editor/Data/MonoBleedingEdge/lib/mono/unityjit-win32'
Mono config path = 'C:/Program Files/Unity/Hub/Editor/2022.3.10f1/Editor/Data/MonoBleedingEdge/etc'
Using monoOptions --debugger-agent=transport=dt_socket,embedding=1,server=y,suspend=n,address=127.0.0.1:56048
Begin MonoManager ReloadAssembly
Registering precompiled unity dll's ...
Register platform support module: C:/Program Files/Unity/Hub/Editor/2022.3.10f1/Editor/Data/PlaybackEngines/AndroidPlayer/UnityEditor.Android.Extensions.dll
Register platform support module: C:/Program Files/Unity/Hub/Editor/2022.3.10f1/Editor/Data/PlaybackEngines/WindowsStandaloneSupport/UnityEditor.WindowsStandalone.Extensions.dll
Registered in 0.016376 seconds.
- Loaded All Assemblies, in  0.463 seconds
Native extension for WindowsStandalone target not found
Native extension for Android target not found
Android Extension - Scanning For ADB Devices 506 ms
Mono: successfully reloaded assembly
- Finished resetting the current domain, in  0.824 seconds
Domain Reload Profiling: 1284ms
	BeginReloadAssembly (166ms)
		ExecutionOrderSort (0ms)
		DisableScriptedObjects (0ms)
		BackupInstance (0ms)
		ReleaseScriptingObjects (0ms)
		CreateAndSetChildDomain (1ms)
	RebuildCommonClasses (44ms)
	RebuildNativeTypeToScriptingClass (10ms)
	initialDomainReloadingComplete (74ms)
	LoadAllAssembliesAndSetupDomain (165ms)
		LoadAssemblies (163ms)
		RebuildTransferFunctionScriptingTraits (0ms)
		AnalyzeDomain (163ms)
			TypeCache.Refresh (161ms)
				TypeCache.ScanAssembly (145ms)
			ScanForSourceGeneratedMonoScriptInfo (1ms)
			ResolveRequiredComponents (1ms)
	FinalizeReload (825ms)
		ReleaseScriptCaches (0ms)
		RebuildScriptCaches (0ms)
		SetupLoadedEditorAssemblies (767ms)
			LogAssemblyErrors (0ms)
			InitializePlatformSupportModulesInManaged (612ms)
			SetLoadedEditorAssemblies (5ms)
			RefreshPlugins (0ms)
			BeforeProcessingInitializeOnLoad (2ms)
			ProcessInitializeOnLoadAttributes (99ms)
			ProcessInitializeOnLoadMethodAttributes (48ms)
			AfterProcessingInitializeOnLoad (0ms)
			EditorAssembliesLoaded (0ms)
		ExecutionOrderSort2 (0ms)
		AwakeInstancesAfterBackupRestoration (0ms)
========================================================================
Worker process is ready to serve import requests
Begin MonoManager ReloadAssembly
- Loaded All Assemblies, in  0.874 seconds
Refreshing native plugins compatible for Editor in 2.87 ms, found 3 plugins.
Native extension for WindowsStandalone target not found
Native extension for Android target not found
Mono: successfully reloaded assembly
- Finished resetting the current domain, in  0.966 seconds
Domain Reload Profiling: 1837ms
	BeginReloadAssembly (166ms)
		ExecutionOrderSort (0ms)
		DisableScriptedObjects (5ms)
		BackupInstance (0ms)
		ReleaseScriptingObjects (0ms)
		CreateAndSetChildDomain (26ms)
	RebuildCommonClasses (47ms)
	RebuildNativeTypeToScriptingClass (14ms)
	initialDomainReloadingComplete (53ms)
	LoadAllAssembliesAndSetupDomain (590ms)
		LoadAssemblies (398ms)
		RebuildTransferFunctionScriptingTraits (0ms)
		AnalyzeDomain (290ms)
			TypeCache.Refresh (242ms)
				TypeCache.ScanAssembly (219ms)
			ScanForSourceGeneratedMonoScriptInfo (30ms)
			ResolveRequiredComponents (16ms)
	FinalizeReload (966ms)
		ReleaseScriptCaches (0ms)
		RebuildScriptCaches (0ms)
		SetupLoadedEditorAssemblies (753ms)
			LogAssemblyErrors (0ms)
			InitializePlatformSupportModulesInManaged (35ms)
			SetLoadedEditorAssemblies (4ms)
			RefreshPlugins (0ms)
			BeforeProcessingInitializeOnLoad (93ms)
			ProcessInitializeOnLoadAttributes (520ms)
			ProcessInitializeOnLoadMethodAttributes (88ms)
			AfterProcessingInitializeOnLoad (12ms)
			EditorAssembliesLoaded (0ms)
		ExecutionOrderSort2 (0ms)
		AwakeInstancesAfterBackupRestoration (10ms)
Launched and connected shader compiler UnityShaderCompiler.exe after 0.07 seconds
Refreshing native plugins compatible for Editor in 3.40 ms, found 3 plugins.
Preloading 0 native plugins for Editor in 0.00 ms.
Unloading 4941 Unused Serialized files (Serialized files now loaded: 0)
Unloading 62 unused Assets / (351.1 KB). Loaded Objects now: 5405.
Memory consumption went from 206.1 MB to 205.8 MB.
Total: 5.137300 ms (FindLiveObjects: 0.599900 ms CreateObjectMapping: 0.513000 ms MarkObjects: 3.727900 ms  DeleteObjects: 0.294900 ms)

AssetImportParameters requested are different than current active one (requested -> active):
  custom:container-demuxer-ogg: 62fdf1f143b41e24485cea50d1cbac27 -> 
  custom:video-codec-MediaFoundation-h265: 746d11721c4dcdbdad8f713fa42b33f4 -> 
  custom:video-decoder-ogg-theora: a1e56fd34408186e4bbccfd4996cb3dc -> 
  custom:framework-win-MediaFoundation: 216162199b28c13a410421893ffa2e32 -> 
  custom:CustomObjectIndexerAttribute: a3ef5dd2817f97addfee359851a9dba5 -> 
  custom:container-demuxer-webm: 4f35f7cbe854078d1ac9338744f61a02 -> 
  custom:container-muxer-webm: aa71ff27fc2769a1b78a27578f13a17b -> 
  custom:video-decoder-webm-vp8: 9c59270c3fd7afecdb556c50c9e8de78 -> 
  custom:SearchIndexIgnoredProperties: e643bd26f0fe6173181afceb89e7c659 -> 
  custom:AudioImporter_EditorPlatform: d09bf68614088b80899f8185d706f6e7 -> 
  custom:video-encoder-webm-vp8: eb34c28f22e8b96e1ab97ce403110664 -> 
  custom:audio-decoder-ogg-vorbis: bf7c407c2cedff20999df2af8eb42d56 -> 
  custom:audio-encoder-webm-vorbis: bf7c407c2cedff20999df2af8eb42d56 -> 
========================================================================
Received Import Request.
  Time since last request: 22673.275072 seconds.
  path: Assets/ASSET PROJECT UNITY/3B/Kelompok 2-3B/Trmm 3B - Kelompok 2  - Asset Foto Pahlawan & Karpet/Foto Pahlawan/Materials
  artifactKey: Guid(317c2d1e57ecc6b48ab957d531e33e48) Importer(815301076,1909f56bfc062723c751e8b465ee728b)
Start importing Assets/ASSET PROJECT UNITY/3B/Kelompok 2-3B/Trmm 3B - Kelompok 2  - Asset Foto Pahlawan & Karpet/Foto Pahlawan/Materials using Guid(317c2d1e57ecc6b48ab957d531e33e48) Importer(815301076,1909f56bfc062723c751e8b465ee728b)  -> (artifact id: 'cd0ebd6aff0f988206156d2e1f5f904a') in 0.002637 seconds
Number of updated asset objects reloaded before import = 0
Number of asset objects unloaded after import = 0
========================================================================
Received Import Request.
  Time since last request: 0.035119 seconds.
  path: Assets/ASSET PROJECT UNITY/3B/Kelompok 2-3B/Trmm 3B - Kelompok 2  - Asset Foto Pahlawan & Karpet/Foto Pahlawan/Materials/1.mat
  artifactKey: Guid(ba6c6e9a96fea554295a4647b4c900fb) Importer(815301076,1909f56bfc062723c751e8b465ee728b)
Start importing Assets/ASSET PROJECT UNITY/3B/Kelompok 2-3B/Trmm 3B - Kelompok 2  - Asset Foto Pahlawan & Karpet/Foto Pahlawan/Materials/1.mat using Guid(ba6c6e9a96fea554295a4647b4c900fb) Importer(815301076,1909f56bfc062723c751e8b465ee728b)  -> (artifact id: 'b92a499f8a192c27095a71abc74eef88') in 0.313742 seconds
Number of updated asset objects reloaded before import = 0
Number of asset objects unloaded after import = 4
========================================================================
Received Prepare
Begin MonoManager ReloadAssembly
- Loaded All Assemblies, in  0.417 seconds
Refreshing native plugins compatible for Editor in 2.97 ms, found 3 plugins.
Native extension for WindowsStandalone target not found
Native extension for Android target not found
Mono: successfully reloaded assembly
- Finished resetting the current domain, in  1.021 seconds
Domain Reload Profiling: 1436ms
	BeginReloadAssembly (159ms)
		ExecutionOrderSort (0ms)
		DisableScriptedObjects (8ms)
		BackupInstance (0ms)
		ReleaseScriptingObjects (0ms)
		CreateAndSetChildDomain (45ms)
	RebuildCommonClasses (29ms)
	RebuildNativeTypeToScriptingClass (10ms)
	initialDomainReloadingComplete (27ms)
	LoadAllAssembliesAndSetupDomain (190ms)
		LoadAssemblies (250ms)
		RebuildTransferFunctionScriptingTraits (0ms)
		AnalyzeDomain (17ms)
			TypeCache.Refresh (5ms)
				TypeCache.ScanAssembly (0ms)
			ScanForSourceGeneratedMonoScriptInfo (0ms)
			ResolveRequiredComponents (10ms)
	FinalizeReload (1021ms)
		ReleaseScriptCaches (0ms)
		RebuildScriptCaches (0ms)
		SetupLoadedEditorAssemblies (483ms)
			LogAssemblyErrors (0ms)
			InitializePlatformSupportModulesInManaged (25ms)
			SetLoadedEditorAssemblies (2ms)
			RefreshPlugins (0ms)
			BeforeProcessingInitializeOnLoad (66ms)
			ProcessInitializeOnLoadAttributes (316ms)
			ProcessInitializeOnLoadMethodAttributes (65ms)
			AfterProcessingInitializeOnLoad (9ms)
			EditorAssembliesLoaded (0ms)
		ExecutionOrderSort2 (0ms)
		AwakeInstancesAfterBackupRestoration (23ms)
Refreshing native plugins compatible for Editor in 2.69 ms, found 3 plugins.
Preloading 0 native plugins for Editor in 0.00 ms.
Unloading 4775 Unused Serialized files (Serialized files now loaded: 0)
Unloading 37 unused Assets / (318.0 KB). Loaded Objects now: 5487.
Memory consumption went from 174.8 MB to 174.5 MB.
Total: 3.460700 ms (FindLiveObjects: 0.462900 ms CreateObjectMapping: 0.182900 ms MarkObjects: 2.711100 ms  DeleteObjects: 0.103000 ms)

Prepare: number of updated asset objects reloaded= 0
AssetImportParameters requested are different than current active one (requested -> active):
  custom:container-demuxer-ogg: 62fdf1f143b41e24485cea50d1cbac27 -> 
  custom:video-codec-MediaFoundation-h265: 746d11721c4dcdbdad8f713fa42b33f4 -> 
  custom:video-decoder-ogg-theora: a1e56fd34408186e4bbccfd4996cb3dc -> 
  custom:framework-win-MediaFoundation: 216162199b28c13a410421893ffa2e32 -> 
  custom:CustomObjectIndexerAttribute: a3ef5dd2817f97addfee359851a9dba5 -> 
  custom:container-demuxer-webm: 4f35f7cbe854078d1ac9338744f61a02 -> 
  custom:container-muxer-webm: aa71ff27fc2769a1b78a27578f13a17b -> 
  custom:video-decoder-webm-vp8: 9c59270c3fd7afecdb556c50c9e8de78 -> 
  custom:SearchIndexIgnoredProperties: e643bd26f0fe6173181afceb89e7c659 -> 
  custom:AudioImporter_EditorPlatform: d09bf68614088b80899f8185d706f6e7 -> 
  custom:video-encoder-webm-vp8: eb34c28f22e8b96e1ab97ce403110664 -> 
  custom:audio-decoder-ogg-vorbis: bf7c407c2cedff20999df2af8eb42d56 -> 
  custom:audio-encoder-webm-vorbis: bf7c407c2cedff20999df2af8eb42d56 -> 
========================================================================
Received Import Request.
  Time since last request: 185.374336 seconds.
  path: Assets/ASSET PROJECT UNITY/3B/Kelompok 1-3B
  artifactKey: Guid(bf7e319821375514eb2985b56965d2f5) Importer(815301076,1909f56bfc062723c751e8b465ee728b)
Start importing Assets/ASSET PROJECT UNITY/3B/Kelompok 1-3B using Guid(bf7e319821375514eb2985b56965d2f5) Importer(815301076,1909f56bfc062723c751e8b465ee728b)  -> (artifact id: 'c671a7700abe530874dc505faeda2f41') in 0.006683 seconds
Number of updated asset objects reloaded before import = 0
Number of asset objects unloaded after import = 0
========================================================================
Received Import Request.
  Time since last request: 0.043842 seconds.
  path: Assets/ASSET PROJECT UNITY/3B/Kelompok 1-3B/meja_abstrak.blend
  artifactKey: Guid(43518b9b23261c24c9616529406452fa) Importer(815301076,1909f56bfc062723c751e8b465ee728b)
Start importing Assets/ASSET PROJECT UNITY/3B/Kelompok 1-3B/meja_abstrak.blend using Guid(43518b9b23261c24c9616529406452fa) Importer(815301076,1909f56bfc062723c751e8b465ee728b)  -> (artifact id: '7540d44b8d8959705fccd2f0dff95f68') in 0.304031 seconds
Number of updated asset objects reloaded before import = 0
Number of asset objects unloaded after import = 42
========================================================================
Received Prepare
Begin MonoManager ReloadAssembly
- Loaded All Assemblies, in  0.455 seconds
Refreshing native plugins compatible for Editor in 2.11 ms, found 3 plugins.
Native extension for WindowsStandalone target not found
Native extension for Android target not found
Mono: successfully reloaded assembly
- Finished resetting the current domain, in  1.804 seconds
Domain Reload Profiling: 2257ms
	BeginReloadAssembly (158ms)
		ExecutionOrderSort (0ms)
		DisableScriptedObjects (10ms)
		BackupInstance (0ms)
		ReleaseScriptingObjects (0ms)
		CreateAndSetChildDomain (42ms)
	RebuildCommonClasses (31ms)
	RebuildNativeTypeToScriptingClass (9ms)
	initialDomainReloadingComplete (27ms)
	LoadAllAssembliesAndSetupDomain (226ms)
		LoadAssemblies (290ms)
		RebuildTransferFunctionScriptingTraits (0ms)
		AnalyzeDomain (14ms)
			TypeCache.Refresh (5ms)
				TypeCache.ScanAssembly (0ms)
			ScanForSourceGeneratedMonoScriptInfo (0ms)
			ResolveRequiredComponents (9ms)
	FinalizeReload (1805ms)
		ReleaseScriptCaches (0ms)
		RebuildScriptCaches (0ms)
		SetupLoadedEditorAssemblies (559ms)
			LogAssemblyErrors (0ms)
			InitializePlatformSupportModulesInManaged (30ms)
			SetLoadedEditorAssemblies (4ms)
			RefreshPlugins (0ms)
			BeforeProcessingInitializeOnLoad (72ms)
			ProcessInitializeOnLoadAttributes (376ms)
			ProcessInitializeOnLoadMethodAttributes (70ms)
			AfterProcessingInitializeOnLoad (9ms)
			EditorAssembliesLoaded (0ms)
		ExecutionOrderSort2 (0ms)
		AwakeInstancesAfterBackupRestoration (23ms)
Refreshing native plugins compatible for Editor in 3.09 ms, found 3 plugins.
Preloading 0 native plugins for Editor in 0.00 ms.
Unloading 4775 Unused Serialized files (Serialized files now loaded: 0)
Unloading 37 unused Assets / (317.7 KB). Loaded Objects now: 5530.
Memory consumption went from 175.1 MB to 174.8 MB.
Total: 3.915700 ms (FindLiveObjects: 0.425800 ms CreateObjectMapping: 0.158300 ms MarkObjects: 3.186100 ms  DeleteObjects: 0.144700 ms)

Prepare: number of updated asset objects reloaded= 0
AssetImportParameters requested are different than current active one (requested -> active):
  custom:container-demuxer-ogg: 62fdf1f143b41e24485cea50d1cbac27 -> 
  custom:video-codec-MediaFoundation-h265: 746d11721c4dcdbdad8f713fa42b33f4 -> 
  custom:video-decoder-ogg-theora: a1e56fd34408186e4bbccfd4996cb3dc -> 
  custom:framework-win-MediaFoundation: 216162199b28c13a410421893ffa2e32 -> 
  custom:CustomObjectIndexerAttribute: a3ef5dd2817f97addfee359851a9dba5 -> 
  custom:container-demuxer-webm: 4f35f7cbe854078d1ac9338744f61a02 -> 
  custom:container-muxer-webm: aa71ff27fc2769a1b78a27578f13a17b -> 
  custom:video-decoder-webm-vp8: 9c59270c3fd7afecdb556c50c9e8de78 -> 
  custom:SearchIndexIgnoredProperties: e643bd26f0fe6173181afceb89e7c659 -> 
  custom:AudioImporter_EditorPlatform: d09bf68614088b80899f8185d706f6e7 -> 
  custom:video-encoder-webm-vp8: eb34c28f22e8b96e1ab97ce403110664 -> 
  custom:audio-decoder-ogg-vorbis: bf7c407c2cedff20999df2af8eb42d56 -> 
  custom:audio-encoder-webm-vorbis: bf7c407c2cedff20999df2af8eb42d56 -> 
========================================================================
Received Prepare
Begin MonoManager ReloadAssembly
- Loaded All Assemblies, in  0.405 seconds
Refreshing native plugins compatible for Editor in 3.24 ms, found 3 plugins.
Native extension for WindowsStandalone target not found
Native extension for Android target not found
Mono: successfully reloaded assembly
- Finished resetting the current domain, in  0.994 seconds
Domain Reload Profiling: 1397ms
	BeginReloadAssembly (141ms)
		ExecutionOrderSort (0ms)
		DisableScriptedObjects (4ms)
		BackupInstance (0ms)
		ReleaseScriptingObjects (0ms)
		CreateAndSetChildDomain (34ms)
	RebuildCommonClasses (28ms)
	RebuildNativeTypeToScriptingClass (15ms)
	initialDomainReloadingComplete (29ms)
	LoadAllAssembliesAndSetupDomain (189ms)
		LoadAssemblies (243ms)
		RebuildTransferFunctionScriptingTraits (0ms)
		AnalyzeDomain (20ms)
			TypeCache.Refresh (6ms)
				TypeCache.ScanAssembly (0ms)
			ScanForSourceGeneratedMonoScriptInfo (0ms)
			ResolveRequiredComponents (13ms)
	FinalizeReload (995ms)
		ReleaseScriptCaches (0ms)
		RebuildScriptCaches (0ms)
		SetupLoadedEditorAssemblies (468ms)
			LogAssemblyErrors (0ms)
			InitializePlatformSupportModulesInManaged (23ms)
			SetLoadedEditorAssemblies (3ms)
			RefreshPlugins (0ms)
			BeforeProcessingInitializeOnLoad (64ms)
			ProcessInitializeOnLoadAttributes (314ms)
			ProcessInitializeOnLoadMethodAttributes (57ms)
			AfterProcessingInitializeOnLoad (7ms)
			EditorAssembliesLoaded (0ms)
		ExecutionOrderSort2 (0ms)
		AwakeInstancesAfterBackupRestoration (21ms)
Refreshing native plugins compatible for Editor in 3.66 ms, found 3 plugins.
Preloading 0 native plugins for Editor in 0.00 ms.
Unloading 4775 Unused Serialized files (Serialized files now loaded: 0)
Unloading 37 unused Assets / (318.2 KB). Loaded Objects now: 5534.
Memory consumption went from 175.0 MB to 174.7 MB.
Total: 5.243600 ms (FindLiveObjects: 0.510800 ms CreateObjectMapping: 0.178100 ms MarkObjects: 4.402600 ms  DeleteObjects: 0.150800 ms)

Prepare: number of updated asset objects reloaded= 0
AssetImportParameters requested are different than current active one (requested -> active):
  custom:container-demuxer-ogg: 62fdf1f143b41e24485cea50d1cbac27 -> 
  custom:video-codec-MediaFoundation-h265: 746d11721c4dcdbdad8f713fa42b33f4 -> 
  custom:video-decoder-ogg-theora: a1e56fd34408186e4bbccfd4996cb3dc -> 
  custom:framework-win-MediaFoundation: 216162199b28c13a410421893ffa2e32 -> 
  custom:CustomObjectIndexerAttribute: a3ef5dd2817f97addfee359851a9dba5 -> 
  custom:container-demuxer-webm: 4f35f7cbe854078d1ac9338744f61a02 -> 
  custom:container-muxer-webm: aa71ff27fc2769a1b78a27578f13a17b -> 
  custom:video-decoder-webm-vp8: 9c59270c3fd7afecdb556c50c9e8de78 -> 
  custom:SearchIndexIgnoredProperties: e643bd26f0fe6173181afceb89e7c659 -> 
  custom:AudioImporter_EditorPlatform: d09bf68614088b80899f8185d706f6e7 -> 
  custom:video-encoder-webm-vp8: eb34c28f22e8b96e1ab97ce403110664 -> 
  custom:audio-decoder-ogg-vorbis: bf7c407c2cedff20999df2af8eb42d56 -> 
  custom:audio-encoder-webm-vorbis: bf7c407c2cedff20999df2af8eb42d56 -> 
========================================================================
Received Prepare
Begin MonoManager ReloadAssembly
- Loaded All Assemblies, in  0.403 seconds
Refreshing native plugins compatible for Editor in 3.38 ms, found 3 plugins.
Native extension for WindowsStandalone target not found
Native extension for Android target not found
Mono: successfully reloaded assembly
- Finished resetting the current domain, in  1.006 seconds
Domain Reload Profiling: 1407ms
	BeginReloadAssembly (148ms)
		ExecutionOrderSort (0ms)
		DisableScriptedObjects (4ms)
		BackupInstance (0ms)
		ReleaseScriptingObjects (0ms)
		CreateAndSetChildDomain (39ms)
	RebuildCommonClasses (29ms)
	RebuildNativeTypeToScriptingClass (9ms)
	initialDomainReloadingComplete (27ms)
	LoadAllAssembliesAndSetupDomain (187ms)
		LoadAssemblies (249ms)
		RebuildTransferFunctionScriptingTraits (0ms)
		AnalyzeDomain (15ms)
			TypeCache.Refresh (5ms)
				TypeCache.ScanAssembly (0ms)
			ScanForSourceGeneratedMonoScriptInfo (0ms)
			ResolveRequiredComponents (9ms)
	FinalizeReload (1007ms)
		ReleaseScriptCaches (0ms)
		RebuildScriptCaches (0ms)
		SetupLoadedEditorAssemblies (472ms)
			LogAssemblyErrors (0ms)
			InitializePlatformSupportModulesInManaged (22ms)
			SetLoadedEditorAssemblies (3ms)
			RefreshPlugins (0ms)
			BeforeProcessingInitializeOnLoad (69ms)
			ProcessInitializeOnLoadAttributes (312ms)
			ProcessInitializeOnLoadMethodAttributes (59ms)
			AfterProcessingInitializeOnLoad (7ms)
			EditorAssembliesLoaded (0ms)
		ExecutionOrderSort2 (0ms)
		AwakeInstancesAfterBackupRestoration (22ms)
Refreshing native plugins compatible for Editor in 2.31 ms, found 3 plugins.
Preloading 0 native plugins for Editor in 0.00 ms.
Unloading 4775 Unused Serialized files (Serialized files now loaded: 0)
Unloading 37 unused Assets / (317.8 KB). Loaded Objects now: 5538.
Memory consumption went from 175.0 MB to 174.7 MB.
Total: 3.943300 ms (FindLiveObjects: 0.406700 ms CreateObjectMapping: 0.160500 ms MarkObjects: 3.251100 ms  DeleteObjects: 0.123600 ms)

Prepare: number of updated asset objects reloaded= 0
AssetImportParameters requested are different than current active one (requested -> active):
  custom:container-demuxer-ogg: 62fdf1f143b41e24485cea50d1cbac27 -> 
  custom:video-codec-MediaFoundation-h265: 746d11721c4dcdbdad8f713fa42b33f4 -> 
  custom:video-decoder-ogg-theora: a1e56fd34408186e4bbccfd4996cb3dc -> 
  custom:framework-win-MediaFoundation: 216162199b28c13a410421893ffa2e32 -> 
  custom:CustomObjectIndexerAttribute: a3ef5dd2817f97addfee359851a9dba5 -> 
  custom:container-demuxer-webm: 4f35f7cbe854078d1ac9338744f61a02 -> 
  custom:container-muxer-webm: aa71ff27fc2769a1b78a27578f13a17b -> 
  custom:video-decoder-webm-vp8: 9c59270c3fd7afecdb556c50c9e8de78 -> 
  custom:SearchIndexIgnoredProperties: e643bd26f0fe6173181afceb89e7c659 -> 
  custom:AudioImporter_EditorPlatform: d09bf68614088b80899f8185d706f6e7 -> 
  custom:video-encoder-webm-vp8: eb34c28f22e8b96e1ab97ce403110664 -> 
  custom:audio-decoder-ogg-vorbis: bf7c407c2cedff20999df2af8eb42d56 -> 
  custom:audio-encoder-webm-vorbis: bf7c407c2cedff20999df2af8eb42d56 -> 
========================================================================
Received Prepare
Begin MonoManager ReloadAssembly
- Loaded All Assemblies, in  0.404 seconds
Refreshing native plugins compatible for Editor in 2.26 ms, found 3 plugins.
Native extension for WindowsStandalone target not found
Native extension for Android target not found
Mono: successfully reloaded assembly
- Finished resetting the current domain, in  1.015 seconds
Domain Reload Profiling: 1417ms
	BeginReloadAssembly (148ms)
		ExecutionOrderSort (0ms)
		DisableScriptedObjects (4ms)
		BackupInstance (0ms)
		ReleaseScriptingObjects (0ms)
		CreateAndSetChildDomain (41ms)
	RebuildCommonClasses (34ms)
	RebuildNativeTypeToScriptingClass (9ms)
	initialDomainReloadingComplete (27ms)
	LoadAllAssembliesAndSetupDomain (183ms)
		LoadAssemblies (243ms)
		RebuildTransferFunctionScriptingTraits (0ms)
		AnalyzeDomain (14ms)
			TypeCache.Refresh (4ms)
				TypeCache.ScanAssembly (0ms)
			ScanForSourceGeneratedMonoScriptInfo (0ms)
			ResolveRequiredComponents (9ms)
	FinalizeReload (1016ms)
		ReleaseScriptCaches (0ms)
		RebuildScriptCaches (0ms)
		SetupLoadedEditorAssemblies (477ms)
			LogAssemblyErrors (0ms)
			InitializePlatformSupportModulesInManaged (26ms)
			SetLoadedEditorAssemblies (3ms)
			RefreshPlugins (0ms)
			BeforeProcessingInitializeOnLoad (66ms)
			ProcessInitializeOnLoadAttributes (317ms)
			ProcessInitializeOnLoadMethodAttributes (56ms)
			AfterProcessingInitializeOnLoad (8ms)
			EditorAssembliesLoaded (0ms)
		ExecutionOrderSort2 (0ms)
		AwakeInstancesAfterBackupRestoration (22ms)
Refreshing native plugins compatible for Editor in 3.16 ms, found 3 plugins.
Preloading 0 native plugins for Editor in 0.00 ms.
Unloading 4775 Unused Serialized files (Serialized files now loaded: 0)
Unloading 37 unused Assets / (317.8 KB). Loaded Objects now: 5542.
Memory consumption went from 175.0 MB to 174.7 MB.
Total: 4.204800 ms (FindLiveObjects: 0.555200 ms CreateObjectMapping: 0.169400 ms MarkObjects: 3.230600 ms  DeleteObjects: 0.248200 ms)

Prepare: number of updated asset objects reloaded= 0
AssetImportParameters requested are different than current active one (requested -> active):
  custom:container-demuxer-ogg: 62fdf1f143b41e24485cea50d1cbac27 -> 
  custom:video-codec-MediaFoundation-h265: 746d11721c4dcdbdad8f713fa42b33f4 -> 
  custom:video-decoder-ogg-theora: a1e56fd34408186e4bbccfd4996cb3dc -> 
  custom:framework-win-MediaFoundation: 216162199b28c13a410421893ffa2e32 -> 
  custom:CustomObjectIndexerAttribute: a3ef5dd2817f97addfee359851a9dba5 -> 
  custom:container-demuxer-webm: 4f35f7cbe854078d1ac9338744f61a02 -> 
  custom:container-muxer-webm: aa71ff27fc2769a1b78a27578f13a17b -> 
  custom:video-decoder-webm-vp8: 9c59270c3fd7afecdb556c50c9e8de78 -> 
  custom:SearchIndexIgnoredProperties: e643bd26f0fe6173181afceb89e7c659 -> 
  custom:AudioImporter_EditorPlatform: d09bf68614088b80899f8185d706f6e7 -> 
  custom:video-encoder-webm-vp8: eb34c28f22e8b96e1ab97ce403110664 -> 
  custom:audio-decoder-ogg-vorbis: bf7c407c2cedff20999df2af8eb42d56 -> 
  custom:audio-encoder-webm-vorbis: bf7c407c2cedff20999df2af8eb42d56 -> 
========================================================================
Received Prepare
Begin MonoManager ReloadAssembly
- Loaded All Assemblies, in  0.412 seconds
Refreshing native plugins compatible for Editor in 2.83 ms, found 3 plugins.
Native extension for WindowsStandalone target not found
Native extension for Android target not found
Mono: successfully reloaded assembly
- Finished resetting the current domain, in  1.022 seconds
Domain Reload Profiling: 1432ms
	BeginReloadAssembly (150ms)
		ExecutionOrderSort (0ms)
		DisableScriptedObjects (4ms)
		BackupInstance (0ms)
		ReleaseScriptingObjects (0ms)
		CreateAndSetChildDomain (44ms)
	RebuildCommonClasses (33ms)
	RebuildNativeTypeToScriptingClass (9ms)
	initialDomainReloadingComplete (27ms)
	LoadAllAssembliesAndSetupDomain (191ms)
		LoadAssemblies (250ms)
		RebuildTransferFunctionScriptingTraits (0ms)
		AnalyzeDomain (15ms)
			TypeCache.Refresh (5ms)
				TypeCache.ScanAssembly (0ms)
			ScanForSourceGeneratedMonoScriptInfo (0ms)
			ResolveRequiredComponents (8ms)
	FinalizeReload (1022ms)
		ReleaseScriptCaches (0ms)
		RebuildScriptCaches (0ms)
		SetupLoadedEditorAssemblies (486ms)
			LogAssemblyErrors (0ms)
			InitializePlatformSupportModulesInManaged (23ms)
			SetLoadedEditorAssemblies (3ms)
			RefreshPlugins (0ms)
			BeforeProcessingInitializeOnLoad (63ms)
			ProcessInitializeOnLoadAttributes (324ms)
			ProcessInitializeOnLoadMethodAttributes (67ms)
			AfterProcessingInitializeOnLoad (7ms)
			EditorAssembliesLoaded (0ms)
		ExecutionOrderSort2 (0ms)
		AwakeInstancesAfterBackupRestoration (22ms)
Refreshing native plugins compatible for Editor in 2.37 ms, found 3 plugins.
Preloading 0 native plugins for Editor in 0.00 ms.
Unloading 4775 Unused Serialized files (Serialized files now loaded: 0)
Unloading 37 unused Assets / (318.2 KB). Loaded Objects now: 5546.
Memory consumption went from 175.0 MB to 174.7 MB.
Total: 3.485800 ms (FindLiveObjects: 0.428800 ms CreateObjectMapping: 0.154800 ms MarkObjects: 2.783300 ms  DeleteObjects: 0.117500 ms)

Prepare: number of updated asset objects reloaded= 0
AssetImportParameters requested are different than current active one (requested -> active):
  custom:container-demuxer-ogg: 62fdf1f143b41e24485cea50d1cbac27 -> 
  custom:video-codec-MediaFoundation-h265: 746d11721c4dcdbdad8f713fa42b33f4 -> 
  custom:video-decoder-ogg-theora: a1e56fd34408186e4bbccfd4996cb3dc -> 
  custom:framework-win-MediaFoundation: 216162199b28c13a410421893ffa2e32 -> 
  custom:CustomObjectIndexerAttribute: a3ef5dd2817f97addfee359851a9dba5 -> 
  custom:container-demuxer-webm: 4f35f7cbe854078d1ac9338744f61a02 -> 
  custom:container-muxer-webm: aa71ff27fc2769a1b78a27578f13a17b -> 
  custom:video-decoder-webm-vp8: 9c59270c3fd7afecdb556c50c9e8de78 -> 
  custom:SearchIndexIgnoredProperties: e643bd26f0fe6173181afceb89e7c659 -> 
  custom:AudioImporter_EditorPlatform: d09bf68614088b80899f8185d706f6e7 -> 
  custom:video-encoder-webm-vp8: eb34c28f22e8b96e1ab97ce403110664 -> 
  custom:audio-decoder-ogg-vorbis: bf7c407c2cedff20999df2af8eb42d56 -> 
  custom:audio-encoder-webm-vorbis: bf7c407c2cedff20999df2af8eb42d56 -> 
========================================================================
Received Import Request.
  Time since last request: 328.973200 seconds.
  path: Assets/ASSET PROJECT UNITY/3B/Kelompok 1-3B/meja_abstrak.blend
  artifactKey: Guid(43518b9b23261c24c9616529406452fa) Importer(815301076,1909f56bfc062723c751e8b465ee728b)
Start importing Assets/ASSET PROJECT UNITY/3B/Kelompok 1-3B/meja_abstrak.blend using Guid(43518b9b23261c24c9616529406452fa) Importer(815301076,1909f56bfc062723c751e8b465ee728b)  -> (artifact id: '3b94406008dd18ff6d71f64ab554a667') in 0.261683 seconds
Number of updated asset objects reloaded before import = 0
Number of asset objects unloaded after import = 42
========================================================================
Received Import Request.
  Time since last request: 0.094808 seconds.
  path: Assets/ASSET PROJECT UNITY/3B/Kelompok 1-3B/Material.002.mat
  artifactKey: Guid(b394bc3eff023904ca1c22a36d4e198b) Importer(815301076,1909f56bfc062723c751e8b465ee728b)
Start importing Assets/ASSET PROJECT UNITY/3B/Kelompok 1-3B/Material.002.mat using Guid(b394bc3eff023904ca1c22a36d4e198b) Importer(815301076,1909f56bfc062723c751e8b465ee728b)  -> (artifact id: 'de3ae3f3e69b8693e5c01ff852a4561c') in 0.024727 seconds
Number of updated asset objects reloaded before import = 0
Number of asset objects unloaded after import = 2
========================================================================
Received Import Request.
  Time since last request: 0.000025 seconds.
  path: Assets/ASSET PROJECT UNITY/3B/Kelompok 1-3B/meja_abstrak.blend
  artifactKey: Guid(43518b9b23261c24c9616529406452fa) Importer(815301076,1909f56bfc062723c751e8b465ee728b)
Start importing Assets/ASSET PROJECT UNITY/3B/Kelompok 1-3B/meja_abstrak.blend using Guid(43518b9b23261c24c9616529406452fa) Importer(815301076,1909f56bfc062723c751e8b465ee728b)  -> (artifact id: '07d05065a4323ebaa539f4c7a84cab40') in 0.072297 seconds
Number of updated asset objects reloaded before import = 0
Number of asset objects unloaded after import = 23
========================================================================
Received Import Request.
  Time since last request: 85.772237 seconds.
  path: Assets/ASSET PROJECT UNITY/3B/Kelompok 1-3B/meja_etalase.blend
  artifactKey: Guid(6a8fe6cdb870a694e9fd88c3e5028654) Importer(815301076,1909f56bfc062723c751e8b465ee728b)
Start importing Assets/ASSET PROJECT UNITY/3B/Kelompok 1-3B/meja_etalase.blend using Guid(6a8fe6cdb870a694e9fd88c3e5028654) Importer(815301076,1909f56bfc062723c751e8b465ee728b)  -> (artifact id: '4f77493210a8e61539aa6f7e2236a73e') in 0.616479 seconds
Number of updated asset objects reloaded before import = 0
Number of asset objects unloaded after import = 87
========================================================================
Received Import Request.
  Time since last request: 0.145530 seconds.
  path: Assets/ASSET PROJECT UNITY/3B/Kelompok 1-3B/Material.mat
  artifactKey: Guid(0b54d5cbf30b08242aba844fe8e100ed) Importer(815301076,1909f56bfc062723c751e8b465ee728b)
Start importing Assets/ASSET PROJECT UNITY/3B/Kelompok 1-3B/Material.mat using Guid(0b54d5cbf30b08242aba844fe8e100ed) Importer(815301076,1909f56bfc062723c751e8b465ee728b)  -> (artifact id: '3186a94fb0fc2b51cf4422873a88f50a') in 0.020101 seconds
Number of updated asset objects reloaded before import = 0
Number of asset objects unloaded after import = 2
========================================================================
Received Import Request.
  Time since last request: 0.007309 seconds.
  path: Assets/ASSET PROJECT UNITY/3B/Kelompok 1-3B/meja_etalase.blend
  artifactKey: Guid(6a8fe6cdb870a694e9fd88c3e5028654) Importer(815301076,1909f56bfc062723c751e8b465ee728b)
Start importing Assets/ASSET PROJECT UNITY/3B/Kelompok 1-3B/meja_etalase.blend using Guid(6a8fe6cdb870a694e9fd88c3e5028654) Importer(815301076,1909f56bfc062723c751e8b465ee728b)  -> (artifact id: '57ea99612f67adeb0fd2f323a1f6c4fe') in 0.160021 seconds
Number of updated asset objects reloaded before import = 0
Number of asset objects unloaded after import = 87
========================================================================
Received Prepare
Begin MonoManager ReloadAssembly
- Loaded All Assemblies, in  0.410 seconds
Refreshing native plugins compatible for Editor in 2.50 ms, found 3 plugins.
Native extension for WindowsStandalone target not found
Native extension for Android target not found
Mono: successfully reloaded assembly
- Finished resetting the current domain, in  1.027 seconds
Domain Reload Profiling: 1435ms
	BeginReloadAssembly (156ms)
		ExecutionOrderSort (0ms)
		DisableScriptedObjects (9ms)
		BackupInstance (0ms)
		ReleaseScriptingObjects (0ms)
		CreateAndSetChildDomain (40ms)
	RebuildCommonClasses (28ms)
	RebuildNativeTypeToScriptingClass (9ms)
	initialDomainReloadingComplete (28ms)
	LoadAllAssembliesAndSetupDomain (186ms)
		LoadAssemblies (249ms)
		RebuildTransferFunctionScriptingTraits (0ms)
		AnalyzeDomain (15ms)
			TypeCache.Refresh (5ms)
				TypeCache.ScanAssembly (0ms)
			ScanForSourceGeneratedMonoScriptInfo (0ms)
			ResolveRequiredComponents (9ms)
	FinalizeReload (1027ms)
		ReleaseScriptCaches (0ms)
		RebuildScriptCaches (0ms)
		SetupLoadedEditorAssemblies (489ms)
			LogAssemblyErrors (0ms)
			InitializePlatformSupportModulesInManaged (23ms)
			SetLoadedEditorAssemblies (3ms)
			RefreshPlugins (0ms)
			BeforeProcessingInitializeOnLoad (66ms)
			ProcessInitializeOnLoadAttributes (326ms)
			ProcessInitializeOnLoadMethodAttributes (61ms)
			AfterProcessingInitializeOnLoad (10ms)
			EditorAssembliesLoaded (0ms)
		ExecutionOrderSort2 (0ms)
		AwakeInstancesAfterBackupRestoration (26ms)
Refreshing native plugins compatible for Editor in 2.21 ms, found 3 plugins.
Preloading 0 native plugins for Editor in 0.00 ms.
Unloading 4775 Unused Serialized files (Serialized files now loaded: 0)
Unloading 37 unused Assets / (318.4 KB). Loaded Objects now: 5586.
Memory consumption went from 175.1 MB to 174.8 MB.
Total: 3.568900 ms (FindLiveObjects: 0.409400 ms CreateObjectMapping: 0.156000 ms MarkObjects: 2.895500 ms  DeleteObjects: 0.106500 ms)

Prepare: number of updated asset objects reloaded= 0
AssetImportParameters requested are different than current active one (requested -> active):
  custom:container-demuxer-ogg: 62fdf1f143b41e24485cea50d1cbac27 -> 
  custom:video-codec-MediaFoundation-h265: 746d11721c4dcdbdad8f713fa42b33f4 -> 
  custom:video-decoder-ogg-theora: a1e56fd34408186e4bbccfd4996cb3dc -> 
  custom:framework-win-MediaFoundation: 216162199b28c13a410421893ffa2e32 -> 
  custom:CustomObjectIndexerAttribute: a3ef5dd2817f97addfee359851a9dba5 -> 
  custom:container-demuxer-webm: 4f35f7cbe854078d1ac9338744f61a02 -> 
  custom:container-muxer-webm: aa71ff27fc2769a1b78a27578f13a17b -> 
  custom:video-decoder-webm-vp8: 9c59270c3fd7afecdb556c50c9e8de78 -> 
  custom:SearchIndexIgnoredProperties: e643bd26f0fe6173181afceb89e7c659 -> 
  custom:AudioImporter_EditorPlatform: d09bf68614088b80899f8185d706f6e7 -> 
  custom:video-encoder-webm-vp8: eb34c28f22e8b96e1ab97ce403110664 -> 
  custom:audio-decoder-ogg-vorbis: bf7c407c2cedff20999df2af8eb42d56 -> 
  custom:audio-encoder-webm-vorbis: bf7c407c2cedff20999df2af8eb42d56 -> 
========================================================================
Received Prepare
Begin MonoManager ReloadAssembly
- Loaded All Assemblies, in  0.412 seconds
Refreshing native plugins compatible for Editor in 3.25 ms, found 3 plugins.
Native extension for WindowsStandalone target not found
Native extension for Android target not found
Mono: successfully reloaded assembly
- Finished resetting the current domain, in  1.002 seconds
Domain Reload Profiling: 1413ms
	BeginReloadAssembly (150ms)
		ExecutionOrderSort (0ms)
		DisableScriptedObjects (4ms)
		BackupInstance (0ms)
		ReleaseScriptingObjects (0ms)
		CreateAndSetChildDomain (39ms)
	RebuildCommonClasses (28ms)
	RebuildNativeTypeToScriptingClass (10ms)
	initialDomainReloadingComplete (29ms)
	LoadAllAssembliesAndSetupDomain (193ms)
		LoadAssemblies (254ms)
		RebuildTransferFunctionScriptingTraits (0ms)
		AnalyzeDomain (17ms)
			TypeCache.Refresh (5ms)
				TypeCache.ScanAssembly (0ms)
			ScanForSourceGeneratedMonoScriptInfo (0ms)
			ResolveRequiredComponents (11ms)
	FinalizeReload (1003ms)
		ReleaseScriptCaches (0ms)
		RebuildScriptCaches (0ms)
		SetupLoadedEditorAssemblies (476ms)
			LogAssemblyErrors (0ms)
			InitializePlatformSupportModulesInManaged (26ms)
			SetLoadedEditorAssemblies (3ms)
			RefreshPlugins (0ms)
			BeforeProcessingInitializeOnLoad (69ms)
			ProcessInitializeOnLoadAttributes (313ms)
			ProcessInitializeOnLoadMethodAttributes (57ms)
			AfterProcessingInitializeOnLoad (9ms)
			EditorAssembliesLoaded (0ms)
		ExecutionOrderSort2 (0ms)
		AwakeInstancesAfterBackupRestoration (24ms)
Refreshing native plugins compatible for Editor in 2.77 ms, found 3 plugins.
Preloading 0 native plugins for Editor in 0.00 ms.
Unloading 4775 Unused Serialized files (Serialized files now loaded: 0)
Unloading 37 unused Assets / (318.5 KB). Loaded Objects now: 5590.
Memory consumption went from 175.0 MB to 174.7 MB.
Total: 4.151600 ms (FindLiveObjects: 0.501400 ms CreateObjectMapping: 0.189800 ms MarkObjects: 3.312800 ms  DeleteObjects: 0.146700 ms)

Prepare: number of updated asset objects reloaded= 0
AssetImportParameters requested are different than current active one (requested -> active):
  custom:container-demuxer-ogg: 62fdf1f143b41e24485cea50d1cbac27 -> 
  custom:video-codec-MediaFoundation-h265: 746d11721c4dcdbdad8f713fa42b33f4 -> 
  custom:video-decoder-ogg-theora: a1e56fd34408186e4bbccfd4996cb3dc -> 
  custom:framework-win-MediaFoundation: 216162199b28c13a410421893ffa2e32 -> 
  custom:CustomObjectIndexerAttribute: a3ef5dd2817f97addfee359851a9dba5 -> 
  custom:container-demuxer-webm: 4f35f7cbe854078d1ac9338744f61a02 -> 
  custom:container-muxer-webm: aa71ff27fc2769a1b78a27578f13a17b -> 
  custom:video-decoder-webm-vp8: 9c59270c3fd7afecdb556c50c9e8de78 -> 
  custom:SearchIndexIgnoredProperties: e643bd26f0fe6173181afceb89e7c659 -> 
  custom:AudioImporter_EditorPlatform: d09bf68614088b80899f8185d706f6e7 -> 
  custom:video-encoder-webm-vp8: eb34c28f22e8b96e1ab97ce403110664 -> 
  custom:audio-decoder-ogg-vorbis: bf7c407c2cedff20999df2af8eb42d56 -> 
  custom:audio-encoder-webm-vorbis: bf7c407c2cedff20999df2af8eb42d56 -> 
========================================================================
Received Import Request.
  Time since last request: 413.163448 seconds.
  path: Assets/Setting
  artifactKey: Guid(801941cf763a8cb4e9fa79250427c3e1) Importer(815301076,1909f56bfc062723c751e8b465ee728b)
Start importing Assets/Setting using Guid(801941cf763a8cb4e9fa79250427c3e1) Importer(815301076,1909f56bfc062723c751e8b465ee728b)  -> (artifact id: 'c8876fd69b0394ea06a4ce68593662b8') in 0.003126 seconds
Number of updated asset objects reloaded before import = 0
Number of asset objects unloaded after import = 0
========================================================================
Received Import Request.
  Time since last request: 71.840770 seconds.
  path: Assets/Display Pintu
  artifactKey: Guid(e93514cd9ad93ed459309df97cfff117) Importer(815301076,1909f56bfc062723c751e8b465ee728b)
Start importing Assets/Display Pintu using Guid(e93514cd9ad93ed459309df97cfff117) Importer(815301076,1909f56bfc062723c751e8b465ee728b)  -> (artifact id: '54928cbd630153dbc560383c662991d6') in 0.000578 seconds
Number of updated asset objects reloaded before import = 0
Number of asset objects unloaded after import = 0
========================================================================
Received Import Request.
  Time since last request: 0.965795 seconds.
  path: Assets/Display Pintu/Mesh
  artifactKey: Guid(60ecad0580b1c814797d6dfc6199c689) Importer(815301076,1909f56bfc062723c751e8b465ee728b)
Start importing Assets/Display Pintu/Mesh using Guid(60ecad0580b1c814797d6dfc6199c689) Importer(815301076,1909f56bfc062723c751e8b465ee728b)  -> (artifact id: '24a0f06a05fbb86b38b3022ba6aa664c') in 0.000615 seconds
Number of updated asset objects reloaded before import = 0
Number of asset objects unloaded after import = 0
========================================================================
Received Import Request.
  Time since last request: 0.446612 seconds.
  path: Assets/Display Pintu/Texture
  artifactKey: Guid(2cf680c55971c8649962beb65d800e94) Importer(815301076,1909f56bfc062723c751e8b465ee728b)
Start importing Assets/Display Pintu/Texture using Guid(2cf680c55971c8649962beb65d800e94) Importer(815301076,1909f56bfc062723c751e8b465ee728b)  -> (artifact id: 'e8f99afb0bd1cdcb2a423732b7799f5c') in 0.000567 seconds
Number of updated asset objects reloaded before import = 0
Number of asset objects unloaded after import = 0
========================================================================
Received Import Request.
  Time since last request: 0.081536 seconds.
  path: Assets/Display Pintu/Texture/New Material.mat
  artifactKey: Guid(6ef8ca12368ad324ca447767fe8ef59f) Importer(815301076,1909f56bfc062723c751e8b465ee728b)
Start importing Assets/Display Pintu/Texture/New Material.mat using Guid(6ef8ca12368ad324ca447767fe8ef59f) Importer(815301076,1909f56bfc062723c751e8b465ee728b)  -> (artifact id: '7b7d53c2ecb2a5b0c099811905af40c7') in 0.218942 seconds
Number of updated asset objects reloaded before import = 0
Number of asset objects unloaded after import = 22
========================================================================
Received Import Request.
  Time since last request: 6.043202 seconds.
  path: Assets/Display Pintu/Texture/T_wood001 1.jpg
  artifactKey: Guid(f08b30221fba38f48a8bef99ffcf794c) Importer(815301076,1909f56bfc062723c751e8b465ee728b)
Start importing Assets/Display Pintu/Texture/T_wood001 1.jpg using Guid(f08b30221fba38f48a8bef99ffcf794c) Importer(815301076,1909f56bfc062723c751e8b465ee728b)  -> (artifact id: 'ac1380d621441e5d29820a081d28bd0b') in 0.024919 seconds
Number of updated asset objects reloaded before import = 0
Number of asset objects unloaded after import = 2
========================================================================
Received Prepare
Begin MonoManager ReloadAssembly
- Loaded All Assemblies, in  0.433 seconds
Refreshing native plugins compatible for Editor in 2.22 ms, found 3 plugins.
Native extension for WindowsStandalone target not found
Native extension for Android target not found
Mono: successfully reloaded assembly
- Finished resetting the current domain, in  1.853 seconds
Domain Reload Profiling: 2285ms
	BeginReloadAssembly (149ms)
		ExecutionOrderSort (0ms)
		DisableScriptedObjects (9ms)
		BackupInstance (0ms)
		ReleaseScriptingObjects (0ms)
		CreateAndSetChildDomain (39ms)
	RebuildCommonClasses (27ms)
	RebuildNativeTypeToScriptingClass (9ms)
	initialDomainReloadingComplete (27ms)
	LoadAllAssembliesAndSetupDomain (218ms)
		LoadAssemblies (274ms)
		RebuildTransferFunctionScriptingTraits (0ms)
		AnalyzeDomain (15ms)
			TypeCache.Refresh (5ms)
				TypeCache.ScanAssembly (0ms)
			ScanForSourceGeneratedMonoScriptInfo (0ms)
			ResolveRequiredComponents (9ms)
	FinalizeReload (1854ms)
		ReleaseScriptCaches (0ms)
		RebuildScriptCaches (0ms)
		SetupLoadedEditorAssemblies (542ms)
			LogAssemblyErrors (0ms)
			InitializePlatformSupportModulesInManaged (28ms)
			SetLoadedEditorAssemblies (4ms)
			RefreshPlugins (0ms)
			BeforeProcessingInitializeOnLoad (75ms)
			ProcessInitializeOnLoadAttributes (359ms)
			ProcessInitializeOnLoadMethodAttributes (66ms)
			AfterProcessingInitializeOnLoad (10ms)
			EditorAssembliesLoaded (0ms)
		ExecutionOrderSort2 (0ms)
		AwakeInstancesAfterBackupRestoration (25ms)
Refreshing native plugins compatible for Editor in 2.78 ms, found 3 plugins.
Preloading 0 native plugins for Editor in 0.00 ms.
Unloading 4775 Unused Serialized files (Serialized files now loaded: 0)
Unloading 37 unused Assets / (318.2 KB). Loaded Objects now: 5632.
Memory consumption went from 175.2 MB to 174.9 MB.
Total: 4.264700 ms (FindLiveObjects: 0.550500 ms CreateObjectMapping: 0.346800 ms MarkObjects: 3.222700 ms  DeleteObjects: 0.143700 ms)

Prepare: number of updated asset objects reloaded= 0
AssetImportParameters requested are different than current active one (requested -> active):
  custom:container-demuxer-ogg: 62fdf1f143b41e24485cea50d1cbac27 -> 
  custom:video-codec-MediaFoundation-h265: 746d11721c4dcdbdad8f713fa42b33f4 -> 
  custom:video-decoder-ogg-theora: a1e56fd34408186e4bbccfd4996cb3dc -> 
  custom:framework-win-MediaFoundation: 216162199b28c13a410421893ffa2e32 -> 
  custom:CustomObjectIndexerAttribute: a3ef5dd2817f97addfee359851a9dba5 -> 
  custom:container-demuxer-webm: 4f35f7cbe854078d1ac9338744f61a02 -> 
  custom:container-muxer-webm: aa71ff27fc2769a1b78a27578f13a17b -> 
  custom:video-decoder-webm-vp8: 9c59270c3fd7afecdb556c50c9e8de78 -> 
  custom:SearchIndexIgnoredProperties: e643bd26f0fe6173181afceb89e7c659 -> 
  custom:AudioImporter_EditorPlatform: d09bf68614088b80899f8185d706f6e7 -> 
  custom:video-encoder-webm-vp8: eb34c28f22e8b96e1ab97ce403110664 -> 
  custom:audio-decoder-ogg-vorbis: bf7c407c2cedff20999df2af8eb42d56 -> 
  custom:audio-encoder-webm-vorbis: bf7c407c2cedff20999df2af8eb42d56 -> 
========================================================================
Received Prepare
Begin MonoManager ReloadAssembly
- Loaded All Assemblies, in  0.408 seconds
Refreshing native plugins compatible for Editor in 2.18 ms, found 3 plugins.
Native extension for WindowsStandalone target not found
Native extension for Android target not found
Mono: successfully reloaded assembly
- Finished resetting the current domain, in  1.017 seconds
Domain Reload Profiling: 1422ms
	BeginReloadAssembly (148ms)
		ExecutionOrderSort (0ms)
		DisableScriptedObjects (4ms)
		BackupInstance (0ms)
		ReleaseScriptingObjects (0ms)
		CreateAndSetChildDomain (38ms)
	RebuildCommonClasses (30ms)
	RebuildNativeTypeToScriptingClass (10ms)
	initialDomainReloadingComplete (28ms)
	LoadAllAssembliesAndSetupDomain (189ms)
		LoadAssemblies (248ms)
		RebuildTransferFunctionScriptingTraits (0ms)
		AnalyzeDomain (15ms)
			TypeCache.Refresh (5ms)
				TypeCache.ScanAssembly (0ms)
			ScanForSourceGeneratedMonoScriptInfo (0ms)
			ResolveRequiredComponents (8ms)
	FinalizeReload (1017ms)
		ReleaseScriptCaches (0ms)
		RebuildScriptCaches (0ms)
		SetupLoadedEditorAssemblies (472ms)
			LogAssemblyErrors (0ms)
			InitializePlatformSupportModulesInManaged (23ms)
			SetLoadedEditorAssemblies (2ms)
			RefreshPlugins (0ms)
			BeforeProcessingInitializeOnLoad (73ms)
			ProcessInitializeOnLoadAttributes (303ms)
			ProcessInitializeOnLoadMethodAttributes (62ms)
			AfterProcessingInitializeOnLoad (8ms)
			EditorAssembliesLoaded (0ms)
		ExecutionOrderSort2 (0ms)
		AwakeInstancesAfterBackupRestoration (19ms)
Refreshing native plugins compatible for Editor in 2.16 ms, found 3 plugins.
Preloading 0 native plugins for Editor in 0.00 ms.
Unloading 4775 Unused Serialized files (Serialized files now loaded: 0)
Unloading 37 unused Assets / (318.3 KB). Loaded Objects now: 5636.
Memory consumption went from 175.1 MB to 174.8 MB.
Total: 3.763500 ms (FindLiveObjects: 0.631700 ms CreateObjectMapping: 0.191100 ms MarkObjects: 2.823300 ms  DeleteObjects: 0.116000 ms)

Prepare: number of updated asset objects reloaded= 0
AssetImportParameters requested are different than current active one (requested -> active):
  custom:container-demuxer-ogg: 62fdf1f143b41e24485cea50d1cbac27 -> 
  custom:video-codec-MediaFoundation-h265: 746d11721c4dcdbdad8f713fa42b33f4 -> 
  custom:video-decoder-ogg-theora: a1e56fd34408186e4bbccfd4996cb3dc -> 
  custom:framework-win-MediaFoundation: 216162199b28c13a410421893ffa2e32 -> 
  custom:CustomObjectIndexerAttribute: a3ef5dd2817f97addfee359851a9dba5 -> 
  custom:container-demuxer-webm: 4f35f7cbe854078d1ac9338744f61a02 -> 
  custom:container-muxer-webm: aa71ff27fc2769a1b78a27578f13a17b -> 
  custom:video-decoder-webm-vp8: 9c59270c3fd7afecdb556c50c9e8de78 -> 
  custom:SearchIndexIgnoredProperties: e643bd26f0fe6173181afceb89e7c659 -> 
  custom:AudioImporter_EditorPlatform: d09bf68614088b80899f8185d706f6e7 -> 
  custom:video-encoder-webm-vp8: eb34c28f22e8b96e1ab97ce403110664 -> 
  custom:audio-decoder-ogg-vorbis: bf7c407c2cedff20999df2af8eb42d56 -> 
  custom:audio-encoder-webm-vorbis: bf7c407c2cedff20999df2af8eb42d56 -> 
========================================================================
Received Import Request.
  Time since last request: 177.982690 seconds.
  path: Assets/ASSET PROJECT UNITY/3B/Kelompok 2-3B
  artifactKey: Guid(c4e678d60a03d0941afb5b333391d526) Importer(815301076,1909f56bfc062723c751e8b465ee728b)
Start importing Assets/ASSET PROJECT UNITY/3B/Kelompok 2-3B using Guid(c4e678d60a03d0941afb5b333391d526) Importer(815301076,1909f56bfc062723c751e8b465ee728b)  -> (artifact id: 'f2d12068efcf6c52065fb56a6b584b8a') in 0.002140 seconds
Number of updated asset objects reloaded before import = 0
Number of asset objects unloaded after import = 0
========================================================================
Received Import Request.
  Time since last request: 0.606302 seconds.
  path: Assets/ASSET PROJECT UNITY/3B/Kelompok 2-3B/Trmm 3B - Kelompok 2  - Asset Foto Pahlawan & Karpet
  artifactKey: Guid(cdca5b6d0fa7f8241abe641743424c37) Importer(815301076,1909f56bfc062723c751e8b465ee728b)
Start importing Assets/ASSET PROJECT UNITY/3B/Kelompok 2-3B/Trmm 3B - Kelompok 2  - Asset Foto Pahlawan & Karpet using Guid(cdca5b6d0fa7f8241abe641743424c37) Importer(815301076,1909f56bfc062723c751e8b465ee728b)  -> (artifact id: '25126fb5bd8e92e71c5458da66c695b7') in 0.000478 seconds
Number of updated asset objects reloaded before import = 0
Number of asset objects unloaded after import = 0
========================================================================
Received Import Request.
  Time since last request: 1.026510 seconds.
  path: Assets/ASSET PROJECT UNITY/3B/Kelompok 2-3B/Lemari blend
  artifactKey: Guid(964d428ef208ebe48afd0528e8b59be8) Importer(815301076,1909f56bfc062723c751e8b465ee728b)
Start importing Assets/ASSET PROJECT UNITY/3B/Kelompok 2-3B/Lemari blend using Guid(964d428ef208ebe48afd0528e8b59be8) Importer(815301076,1909f56bfc062723c751e8b465ee728b)  -> (artifact id: '646620008e4615fd083e7adabf377c23') in 0.000576 seconds
Number of updated asset objects reloaded before import = 0
Number of asset objects unloaded after import = 0
========================================================================
Received Import Request.
  Time since last request: 0.054382 seconds.
  path: Assets/ASSET PROJECT UNITY/3B/Kelompok 2-3B/Lemari blend/lemari.blend
  artifactKey: Guid(27076d4991e293646b7a78596674b030) Importer(815301076,1909f56bfc062723c751e8b465ee728b)
Start importing Assets/ASSET PROJECT UNITY/3B/Kelompok 2-3B/Lemari blend/lemari.blend using Guid(27076d4991e293646b7a78596674b030) Importer(815301076,1909f56bfc062723c751e8b465ee728b)  -> (artifact id: '4df3a97d2ba43de03687288bf3650a48') in 0.389707 seconds
Number of updated asset objects reloaded before import = 0
Number of asset objects unloaded after import = 86
========================================================================
Received Import Request.
  Time since last request: 0.000031 seconds.
  path: Assets/ASSET PROJECT UNITY/3B/Kelompok 2-3B/Lemari blend/room_cupboard_wood3_Metallic.png
  artifactKey: Guid(24436d73e65f2e141a8df5d364f5804c) Importer(815301076,1909f56bfc062723c751e8b465ee728b)
Start importing Assets/ASSET PROJECT UNITY/3B/Kelompok 2-3B/Lemari blend/room_cupboard_wood3_Metallic.png using Guid(24436d73e65f2e141a8df5d364f5804c) Importer(815301076,1909f56bfc062723c751e8b465ee728b)  -> (artifact id: '402cbf00fb447020b717a8f038d1026b') in 0.025620 seconds
Number of updated asset objects reloaded before import = 0
Number of asset objects unloaded after import = 2
========================================================================
Received Import Request.
  Time since last request: 160.335698 seconds.
  path: Assets/ASSET PROJECT UNITY/3A
  artifactKey: Guid(f67df24b88ae59b43bcab2d5229b1548) Importer(815301076,1909f56bfc062723c751e8b465ee728b)
Start importing Assets/ASSET PROJECT UNITY/3A using Guid(f67df24b88ae59b43bcab2d5229b1548) Importer(815301076,1909f56bfc062723c751e8b465ee728b)  -> (artifact id: 'f81d3b78c7ab52673d9b273e9f4f4438') in 0.000760 seconds
Number of updated asset objects reloaded before import = 0
Number of asset objects unloaded after import = 0
========================================================================
Received Import Request.
  Time since last request: 1.295425 seconds.
  path: Assets/ASSET PROJECT UNITY/3A/Kelompok 2-3A
  artifactKey: Guid(518c79a4b0a055d4898bbe02b388e88c) Importer(815301076,1909f56bfc062723c751e8b465ee728b)
Start importing Assets/ASSET PROJECT UNITY/3A/Kelompok 2-3A using Guid(518c79a4b0a055d4898bbe02b388e88c) Importer(815301076,1909f56bfc062723c751e8b465ee728b)  -> (artifact id: '72993fa99ba11b798bd950a9113c42ec') in 0.000727 seconds
Number of updated asset objects reloaded before import = 0
Number of asset objects unloaded after import = 0
========================================================================
Received Import Request.
  Time since last request: 1.863670 seconds.
  path: Assets/ASSET PROJECT UNITY/3A/Kelompok 2-3A/SM_BingkaiPahlawanBajuAdat_01
  artifactKey: Guid(deaf70da66f33d14c931d34bcac8e61b) Importer(815301076,1909f56bfc062723c751e8b465ee728b)
Start importing Assets/ASSET PROJECT UNITY/3A/Kelompok 2-3A/SM_BingkaiPahlawanBajuAdat_01 using Guid(deaf70da66f33d14c931d34bcac8e61b) Importer(815301076,1909f56bfc062723c751e8b465ee728b)  -> (artifact id: 'eed0e5018ad04e094fef1866edae71a8') in 0.000816 seconds
Number of updated asset objects reloaded before import = 0
Number of asset objects unloaded after import = 0
========================================================================
Received Import Request.
  Time since last request: 4.046175 seconds.
  path: Assets/ASSET PROJECT UNITY/3A/Kelompok 2-3A/SM_BingkaiPahlawanBajuAdat_01/Mesh
  artifactKey: Guid(1edf7b209a5d15a4fa8dc1173fac25c4) Importer(815301076,1909f56bfc062723c751e8b465ee728b)
Start importing Assets/ASSET PROJECT UNITY/3A/Kelompok 2-3A/SM_BingkaiPahlawanBajuAdat_01/Mesh using Guid(1edf7b209a5d15a4fa8dc1173fac25c4) Importer(815301076,1909f56bfc062723c751e8b465ee728b)  -> (artifact id: '75204dff46cf1fe0a38862dc80912798') in 0.000647 seconds
Number of updated asset objects reloaded before import = 0
Number of asset objects unloaded after import = 0
========================================================================
Received Import Request.
  Time since last request: 0.097050 seconds.
  path: Assets/ASSET PROJECT UNITY/3A/Kelompok 2-3A/SM_BingkaiPahlawanBajuAdat_01/Mesh/Kelompok 2 TRMM 3A.fbx
  artifactKey: Guid(5a78a3d29f034284e9b4a022dce1ffe4) Importer(815301076,1909f56bfc062723c751e8b465ee728b)
Start importing Assets/ASSET PROJECT UNITY/3A/Kelompok 2-3A/SM_BingkaiPahlawanBajuAdat_01/Mesh/Kelompok 2 TRMM 3A.fbx using Guid(5a78a3d29f034284e9b4a022dce1ffe4) Importer(815301076,1909f56bfc062723c751e8b465ee728b)  -> (artifact id: '8e391100826a1142d0e957a57e2136de') in 0.202211 seconds
Number of updated asset objects reloaded before import = 0
Number of asset objects unloaded after import = 68
========================================================================
Received Import Request.
  Time since last request: 13.165703 seconds.
  path: Assets/ASSET PROJECT UNITY/3A/Kelompok 2-3A/SM_BingkaiPahlawanBajuAdat_01/Texture
  artifactKey: Guid(64d8a252e6831544ba5685e803f3e6e4) Importer(815301076,1909f56bfc062723c751e8b465ee728b)
Start importing Assets/ASSET PROJECT UNITY/3A/Kelompok 2-3A/SM_BingkaiPahlawanBajuAdat_01/Texture using Guid(64d8a252e6831544ba5685e803f3e6e4) Importer(815301076,1909f56bfc062723c751e8b465ee728b)  -> (artifact id: '4405077afc0064892e6a01668c1a8b80') in 0.000602 seconds
Number of updated asset objects reloaded before import = 0
Number of asset objects unloaded after import = 0
========================================================================
Received Import Request.
  Time since last request: 0.091547 seconds.
  path: Assets/ASSET PROJECT UNITY/3A/Kelompok 2-3A/SM_BingkaiPahlawanBajuAdat_01/Texture/T_AhmadYani_01.jpg
  artifactKey: Guid(f140317ffd7ca02478d5a09adb708dc3) Importer(815301076,1909f56bfc062723c751e8b465ee728b)
Start importing Assets/ASSET PROJECT UNITY/3A/Kelompok 2-3A/SM_BingkaiPahlawanBajuAdat_01/Texture/T_AhmadYani_01.jpg using Guid(f140317ffd7ca02478d5a09adb708dc3) Importer(815301076,1909f56bfc062723c751e8b465ee728b)  -> (artifact id: '097b941f0de317dbd912a6e6e37aa3a7') in 0.029532 seconds
Number of updated asset objects reloaded before import = 0
Number of asset objects unloaded after import = 2
========================================================================
Received Import Request.
  Time since last request: 0.000026 seconds.
  path: Assets/ASSET PROJECT UNITY/3A/Kelompok 2-3A/SM_BingkaiPahlawanBajuAdat_01/Texture/T_TeukuMuhammadHasan_01.jpeg
  artifactKey: Guid(6891a3727b06fe645964236800672468) Importer(815301076,1909f56bfc062723c751e8b465ee728b)
Start importing Assets/ASSET PROJECT UNITY/3A/Kelompok 2-3A/SM_BingkaiPahlawanBajuAdat_01/Texture/T_TeukuMuhammadHasan_01.jpeg using Guid(6891a3727b06fe645964236800672468) Importer(815301076,1909f56bfc062723c751e8b465ee728b)  -> (artifact id: '3b4214a71f5ff83544d5d667a888be19') in 0.021097 seconds
Number of updated asset objects reloaded before import = 0
Number of asset objects unloaded after import = 2
========================================================================
Received Import Request.
  Time since last request: 0.000034 seconds.
  path: Assets/ASSET PROJECT UNITY/3A/Kelompok 2-3A/SM_BingkaiPahlawanBajuAdat_01/Texture/T_FransKaisepo_01.jpg
  artifactKey: Guid(1ead5f0fc5a031243ad072963987193e) Importer(815301076,1909f56bfc062723c751e8b465ee728b)
Start importing Assets/ASSET PROJECT UNITY/3A/Kelompok 2-3A/SM_BingkaiPahlawanBajuAdat_01/Texture/T_FransKaisepo_01.jpg using Guid(1ead5f0fc5a031243ad072963987193e) Importer(815301076,1909f56bfc062723c751e8b465ee728b)  -> (artifact id: 'ebee4aa2a54f7f3fbcb3a3c861993624') in 0.024411 seconds
Number of updated asset objects reloaded before import = 0
Number of asset objects unloaded after import = 2
========================================================================
Received Import Request.
  Time since last request: 0.000017 seconds.
  path: Assets/ASSET PROJECT UNITY/3A/Kelompok 2-3A/SM_BingkaiPahlawanBajuAdat_01/Texture/T_KayuBingkai_02.png
  artifactKey: Guid(1a702912bd2d76743a9a13b69d88e371) Importer(815301076,1909f56bfc062723c751e8b465ee728b)
Start importing Assets/ASSET PROJECT UNITY/3A/Kelompok 2-3A/SM_BingkaiPahlawanBajuAdat_01/Texture/T_KayuBingkai_02.png using Guid(1a702912bd2d76743a9a13b69d88e371) Importer(815301076,1909f56bfc062723c751e8b465ee728b)  -> (artifact id: 'f13c3dd1415f3294ac704b0702194278') in 0.027166 seconds
Number of updated asset objects reloaded before import = 0
Number of asset objects unloaded after import = 2
========================================================================
Received Import Request.
  Time since last request: 0.000019 seconds.
  path: Assets/ASSET PROJECT UNITY/3A/Kelompok 2-3A/SM_BingkaiPahlawanBajuAdat_01/Texture/T_KayuBingkai_01.jpeg
  artifactKey: Guid(3f69c86841307ec44967d71f09234b3c) Importer(815301076,1909f56bfc062723c751e8b465ee728b)
Start importing Assets/ASSET PROJECT UNITY/3A/Kelompok 2-3A/SM_BingkaiPahlawanBajuAdat_01/Texture/T_KayuBingkai_01.jpeg using Guid(3f69c86841307ec44967d71f09234b3c) Importer(815301076,1909f56bfc062723c751e8b465ee728b)  -> (artifact id: 'cd3a97462eb43b2f646a22a44fb9b98b') in 0.021216 seconds
Number of updated asset objects reloaded before import = 0
Number of asset objects unloaded after import = 2
========================================================================
Received Import Request.
  Time since last request: 0.000021 seconds.
  path: Assets/ASSET PROJECT UNITY/3A/Kelompok 2-3A/SM_BingkaiPahlawanBajuAdat_01/Texture/T_KayuBingkaiBajuAdat_02.png
  artifactKey: Guid(c06e34552da34394095ec90ad5cda9bc) Importer(815301076,1909f56bfc062723c751e8b465ee728b)
Start importing Assets/ASSET PROJECT UNITY/3A/Kelompok 2-3A/SM_BingkaiPahlawanBajuAdat_01/Texture/T_KayuBingkaiBajuAdat_02.png using Guid(c06e34552da34394095ec90ad5cda9bc) Importer(815301076,1909f56bfc062723c751e8b465ee728b)  -> (artifact id: '68fea58c81ba9ef6db6b07f5cd566d24') in 0.022663 seconds
Number of updated asset objects reloaded before import = 0
Number of asset objects unloaded after import = 2
========================================================================
Received Import Request.
  Time since last request: 0.000059 seconds.
  path: Assets/ASSET PROJECT UNITY/3A/Kelompok 2-3A/SM_BingkaiPahlawanBajuAdat_01/Texture/T_CutNyakMutia_01.jpg
  artifactKey: Guid(9624d55bf664fb74895e92267b5935bc) Importer(815301076,1909f56bfc062723c751e8b465ee728b)
Start importing Assets/ASSET PROJECT UNITY/3A/Kelompok 2-3A/SM_BingkaiPahlawanBajuAdat_01/Texture/T_CutNyakMutia_01.jpg using Guid(9624d55bf664fb74895e92267b5935bc) Importer(815301076,1909f56bfc062723c751e8b465ee728b)  -> (artifact id: '5c0a3327974e2555a62d3721b592f715') in 0.020902 seconds
Number of updated asset objects reloaded before import = 0
Number of asset objects unloaded after import = 2
========================================================================
Received Import Request.
  Time since last request: 42.136642 seconds.
  path: Assets/ASSET PROJECT UNITY/3A/Kelompok 2-3A/SM_BingkaiPahlawanBajuAdat_01/Sandbox
  artifactKey: Guid(f366ee1557c297743bada34bf25d47c2) Importer(815301076,1909f56bfc062723c751e8b465ee728b)
Start importing Assets/ASSET PROJECT UNITY/3A/Kelompok 2-3A/SM_BingkaiPahlawanBajuAdat_01/Sandbox using Guid(f366ee1557c297743bada34bf25d47c2) Importer(815301076,1909f56bfc062723c751e8b465ee728b)  -> (artifact id: 'abff4c3646ec49403498014990256d58') in 0.000769 seconds
Number of updated asset objects reloaded before import = 0
Number of asset objects unloaded after import = 0
========================================================================
Received Import Request.
  Time since last request: 0.095289 seconds.
  path: Assets/ASSET PROJECT UNITY/3A/Kelompok 2-3A/SM_BingkaiPahlawanBajuAdat_01/Sandbox/Kelompok 2 TRMM 3A.blend
  artifactKey: Guid(3429cbc7589dc324bb8dbb8bacb6619e) Importer(815301076,1909f56bfc062723c751e8b465ee728b)
Start importing Assets/ASSET PROJECT UNITY/3A/Kelompok 2-3A/SM_BingkaiPahlawanBajuAdat_01/Sandbox/Kelompok 2 TRMM 3A.blend using Guid(3429cbc7589dc324bb8dbb8bacb6619e) Importer(815301076,1909f56bfc062723c751e8b465ee728b)  -> (artifact id: '87561fe068bf5cf5ee21f5ad9189bc2f') in 0.244377 seconds
Number of updated asset objects reloaded before import = 0
Number of asset objects unloaded after import = 108
========================================================================
Received Import Request.
  Time since last request: 3.153454 seconds.
  path: Assets/ASSET PROJECT UNITY/3A/Kelompok 2-3A/SM_BingkaiPahlawanBajuAdat_01/Sandbox/Kelompok 2 TRMM 3A.blend1
  artifactKey: Guid(67f9da0b535957d45865666bafc32141) Importer(815301076,1909f56bfc062723c751e8b465ee728b)
Start importing Assets/ASSET PROJECT UNITY/3A/Kelompok 2-3A/SM_BingkaiPahlawanBajuAdat_01/Sandbox/Kelompok 2 TRMM 3A.blend1 using Guid(67f9da0b535957d45865666bafc32141) Importer(815301076,1909f56bfc062723c751e8b465ee728b)  -> (artifact id: 'da80be66a2fd71cb85128e188a319c61') in 0.001129 seconds
Number of updated asset objects reloaded before import = 0
Number of asset objects unloaded after import = 1
========================================================================
Received Import Request.
  Time since last request: 8.185017 seconds.
  path: Assets/ASSET PROJECT UNITY/3A/Kelompok 2-3A/SM_BingkaiPahlawanBajuAdat_01/Sandbox/SM_BingkaiPahlawanBajuAdat_01.unitypackage
  artifactKey: Guid(cae3c17cdfe90234089d10598d4b028d) Importer(815301076,1909f56bfc062723c751e8b465ee728b)
Start importing Assets/ASSET PROJECT UNITY/3A/Kelompok 2-3A/SM_BingkaiPahlawanBajuAdat_01/Sandbox/SM_BingkaiPahlawanBajuAdat_01.unitypackage using Guid(cae3c17cdfe90234089d10598d4b028d) Importer(815301076,1909f56bfc062723c751e8b465ee728b)  -> (artifact id: 'db14673a772fad4f7c1fdb37aaa43a06') in 0.000933 seconds
Number of updated asset objects reloaded before import = 0
Number of asset objects unloaded after import = 1
========================================================================
Received Import Request.
  Time since last request: 13.574972 seconds.
  path: Assets/ceiling_lamp_blend/ceiling_lamp.blend
  artifactKey: Guid(c67c3e641bb1ae9458a288b5b29a5d57) Importer(815301076,1909f56bfc062723c751e8b465ee728b)
Start importing Assets/ceiling_lamp_blend/ceiling_lamp.blend using Guid(c67c3e641bb1ae9458a288b5b29a5d57) Importer(815301076,1909f56bfc062723c751e8b465ee728b)  -> (artifact id: '18d1a1613ac9010428a0f3722d04c673') in 0.088568 seconds
Number of updated asset objects reloaded before import = 0
Number of asset objects unloaded after import = 18
========================================================================
Received Import Request.
  Time since last request: 1.443955 seconds.
  path: Assets/free horror ambience 2/ha-abomination.wav
  artifactKey: Guid(ee403a3067a0c476dbd3e34a5f69c4a3) Importer(815301076,1909f56bfc062723c751e8b465ee728b)
Start importing Assets/free horror ambience 2/ha-abomination.wav using Guid(ee403a3067a0c476dbd3e34a5f69c4a3) Importer(815301076,1909f56bfc062723c751e8b465ee728b)  -> (artifact id: '6bba8088a61614a3e5feafae9a03a134') in 0.041572 seconds
Number of updated asset objects reloaded before import = 0
Number of asset objects unloaded after import = 2
========================================================================
Received Import Request.
  Time since last request: 0.000028 seconds.
  path: Assets/free horror ambience 2/ha-crunchy_1.wav
  artifactKey: Guid(fea1429f233f447bd8edbf992d82bd32) Importer(815301076,1909f56bfc062723c751e8b465ee728b)
Start importing Assets/free horror ambience 2/ha-crunchy_1.wav using Guid(fea1429f233f447bd8edbf992d82bd32) Importer(815301076,1909f56bfc062723c751e8b465ee728b)  -> (artifact id: 'c4ef153f56e0f919d83a4538dd0c3486') in 0.010333 seconds
Number of updated asset objects reloaded before import = 0
Number of asset objects unloaded after import = 2
========================================================================
Received Import Request.
  Time since last request: 0.000029 seconds.
  path: Assets/free horror ambience 2/ha-pressure-nofx.wav
  artifactKey: Guid(90438f285de1f49aa873f81498fbdc63) Importer(815301076,1909f56bfc062723c751e8b465ee728b)
Start importing Assets/free horror ambience 2/ha-pressure-nofx.wav using Guid(90438f285de1f49aa873f81498fbdc63) Importer(815301076,1909f56bfc062723c751e8b465ee728b)  -> (artifact id: 'a1822f15b0eee896f17cfd54ae3b2f3b') in 0.011873 seconds
Number of updated asset objects reloaded before import = 0
Number of asset objects unloaded after import = 2
========================================================================
Received Import Request.
  Time since last request: 0.000029 seconds.
  path: Assets/free horror ambience 2/ha-suffocate.wav
  artifactKey: Guid(b911662f2b94547e8a834cff9d26a788) Importer(815301076,1909f56bfc062723c751e8b465ee728b)
Start importing Assets/free horror ambience 2/ha-suffocate.wav using Guid(b911662f2b94547e8a834cff9d26a788) Importer(815301076,1909f56bfc062723c751e8b465ee728b)  -> (artifact id: '54fc8b844c6bca83ffdaacc7b061fbb9') in 0.013384 seconds
Number of updated asset objects reloaded before import = 0
Number of asset objects unloaded after import = 2
========================================================================
Received Import Request.
  Time since last request: 0.000021 seconds.
  path: Assets/free horror ambience 2/ha-undercurrent2.wav
  artifactKey: Guid(dc1d6b96e081b4befbd033dee4730596) Importer(815301076,1909f56bfc062723c751e8b465ee728b)
Start importing Assets/free horror ambience 2/ha-undercurrent2.wav using Guid(dc1d6b96e081b4befbd033dee4730596) Importer(815301076,1909f56bfc062723c751e8b465ee728b)  -> (artifact id: 'f816316ca0498f566cb9fc14216365e5') in 0.015048 seconds
Number of updated asset objects reloaded before import = 0
Number of asset objects unloaded after import = 2
========================================================================
Received Import Request.
  Time since last request: 0.000048 seconds.
  path: Assets/free horror ambience 2/ha-distillery.wav
  artifactKey: Guid(6f8ac1fb6c4da43309fc6f2608f82ab6) Importer(815301076,1909f56bfc062723c751e8b465ee728b)
Start importing Assets/free horror ambience 2/ha-distillery.wav using Guid(6f8ac1fb6c4da43309fc6f2608f82ab6) Importer(815301076,1909f56bfc062723c751e8b465ee728b)  -> (artifact id: '1f69feaadc1b11b999dc7dba320654c0') in 0.013748 seconds
Number of updated asset objects reloaded before import = 0
Number of asset objects unloaded after import = 2
========================================================================
Received Import Request.
  Time since last request: 2.210204 seconds.
  path: Assets/SM_BingkaiPahlawanBajuAdat_01/SM_BingkaiPahlawanBajuAdat_01
  artifactKey: Guid(b4ef994b0b4741a49aaf6a25d57fd82e) Importer(815301076,1909f56bfc062723c751e8b465ee728b)
Start importing Assets/SM_BingkaiPahlawanBajuAdat_01/SM_BingkaiPahlawanBajuAdat_01 using Guid(b4ef994b0b4741a49aaf6a25d57fd82e) Importer(815301076,1909f56bfc062723c751e8b465ee728b)  -> (artifact id: '29cf84b0de06674ea06a075b890df889') in 0.000588 seconds
Number of updated asset objects reloaded before import = 0
Number of asset objects unloaded after import = 0
========================================================================
Received Import Request.
  Time since last request: 3.286099 seconds.
  path: Assets/SM_BingkaiPahlawanBajuAdat_01/SM_BingkaiPahlawanBajuAdat_01/Texture
  artifactKey: Guid(ab8cabdfdfc102349a9e18b4e7beb1ee) Importer(815301076,1909f56bfc062723c751e8b465ee728b)
Start importing Assets/SM_BingkaiPahlawanBajuAdat_01/SM_BingkaiPahlawanBajuAdat_01/Texture using Guid(ab8cabdfdfc102349a9e18b4e7beb1ee) Importer(815301076,1909f56bfc062723c751e8b465ee728b)  -> (artifact id: 'c5cf48ca7c35185f6cbd230fd0644ba2') in 0.000898 seconds
Number of updated asset objects reloaded before import = 0
Number of asset objects unloaded after import = 0
========================================================================
Received Import Request.
  Time since last request: 0.653696 seconds.
  path: Assets/SM_BingkaiPahlawanBajuAdat_01/SM_BingkaiPahlawanBajuAdat_01/Mesh
  artifactKey: Guid(f6dd29d0d4021414b89dfff4e0f47a35) Importer(815301076,1909f56bfc062723c751e8b465ee728b)
Start importing Assets/SM_BingkaiPahlawanBajuAdat_01/SM_BingkaiPahlawanBajuAdat_01/Mesh using Guid(f6dd29d0d4021414b89dfff4e0f47a35) Importer(815301076,1909f56bfc062723c751e8b465ee728b)  -> (artifact id: '399faf74305a4b727004863ef22de3ee') in 0.000593 seconds
Number of updated asset objects reloaded before import = 0
Number of asset objects unloaded after import = 0
========================================================================
Received Import Request.
  Time since last request: 1.363959 seconds.
  path: Assets/SM_BingkaiPahlawanBajuAdat_01/SM_BingkaiPahlawanBajuAdat_01/Mesh/Kelompok 2 TRMM 3A.fbx
  artifactKey: Guid(f94c9ba0611c902488bc5871e13a7662) Importer(815301076,1909f56bfc062723c751e8b465ee728b)
Start importing Assets/SM_BingkaiPahlawanBajuAdat_01/SM_BingkaiPahlawanBajuAdat_01/Mesh/Kelompok 2 TRMM 3A.fbx using Guid(f94c9ba0611c902488bc5871e13a7662) Importer(815301076,1909f56bfc062723c751e8b465ee728b)  -> (artifact id: '3bcaf938f33ee91063de366d065ddca1') in 0.114818 seconds
Number of updated asset objects reloaded before import = 0
Number of asset objects unloaded after import = 79
========================================================================
Received Import Request.
  Time since last request: 9.606377 seconds.
  path: Assets/ASSET PROJECT UNITY/3A/Kelompok 2-3A/SM_KursiGoyang_01
  artifactKey: Guid(2631d4c230d039e4d90ed829044d879b) Importer(815301076,1909f56bfc062723c751e8b465ee728b)
Start importing Assets/ASSET PROJECT UNITY/3A/Kelompok 2-3A/SM_KursiGoyang_01 using Guid(2631d4c230d039e4d90ed829044d879b) Importer(815301076,1909f56bfc062723c751e8b465ee728b)  -> (artifact id: 'cbd19939bd90bacb679babe9c8d8aaee') in 0.000644 seconds
Number of updated asset objects reloaded before import = 0
Number of asset objects unloaded after import = 0
========================================================================
Received Import Request.
  Time since last request: 0.727650 seconds.
  path: Assets/ASSET PROJECT UNITY/3A/Kelompok 2-3A/SM_KursiGoyang_01/SM_KursiGoyang_01
  artifactKey: Guid(21d0d27b92df1eb4f8933e9d6c8d8516) Importer(815301076,1909f56bfc062723c751e8b465ee728b)
Start importing Assets/ASSET PROJECT UNITY/3A/Kelompok 2-3A/SM_KursiGoyang_01/SM_KursiGoyang_01 using Guid(21d0d27b92df1eb4f8933e9d6c8d8516) Importer(815301076,1909f56bfc062723c751e8b465ee728b)  -> (artifact id: '44d3fe19881028df6216a8ee98915560') in 0.000563 seconds
Number of updated asset objects reloaded before import = 0
Number of asset objects unloaded after import = 0
========================================================================
Received Import Request.
  Time since last request: 0.925765 seconds.
  path: Assets/ASSET PROJECT UNITY/3A/Kelompok 2-3A/SM_KursiGoyang_01/SM_KursiGoyang_01/Mesh
  artifactKey: Guid(d6da23d81d27f3041adf4815e3a235c1) Importer(815301076,1909f56bfc062723c751e8b465ee728b)
Start importing Assets/ASSET PROJECT UNITY/3A/Kelompok 2-3A/SM_KursiGoyang_01/SM_KursiGoyang_01/Mesh using Guid(d6da23d81d27f3041adf4815e3a235c1) Importer(815301076,1909f56bfc062723c751e8b465ee728b)  -> (artifact id: 'e85ec7e90c46f37ee20294bc31071769') in 0.000621 seconds
Number of updated asset objects reloaded before import = 0
Number of asset objects unloaded after import = 0
========================================================================
Received Import Request.
  Time since last request: 0.073254 seconds.
  path: Assets/ASSET PROJECT UNITY/3A/Kelompok 2-3A/SM_KursiGoyang_01/SM_KursiGoyang_01/Mesh/SM_KursiGoyang_01.fbx
  artifactKey: Guid(8f7d540fc882e864a95a99c4d7cc8d3a) Importer(815301076,1909f56bfc062723c751e8b465ee728b)
Start importing Assets/ASSET PROJECT UNITY/3A/Kelompok 2-3A/SM_KursiGoyang_01/SM_KursiGoyang_01/Mesh/SM_KursiGoyang_01.fbx using Guid(8f7d540fc882e864a95a99c4d7cc8d3a) Importer(815301076,1909f56bfc062723c751e8b465ee728b)  -> (artifact id: '8d511808d84f0eef15871a67e742f03b') in 0.051424 seconds
Number of updated asset objects reloaded before import = 0
Number of asset objects unloaded after import = 11
========================================================================
Received Import Request.
  Time since last request: 17.978806 seconds.
  path: Assets/ASSET PROJECT UNITY/3A/Kelompok 3-3A
  artifactKey: Guid(117dd16b338c79548b30e8633e8217d0) Importer(815301076,1909f56bfc062723c751e8b465ee728b)
Start importing Assets/ASSET PROJECT UNITY/3A/Kelompok 3-3A using Guid(117dd16b338c79548b30e8633e8217d0) Importer(815301076,1909f56bfc062723c751e8b465ee728b)  -> (artifact id: '3a69d0d9427f27bfc0ed81338d756285') in 0.000633 seconds
Number of updated asset objects reloaded before import = 0
Number of asset objects unloaded after import = 0
========================================================================
Received Import Request.
  Time since last request: 0.706986 seconds.
  path: Assets/ASSET PROJECT UNITY/3A/Kelompok 3-3A/Senjata
  artifactKey: Guid(63200dbb9c8860449a0831b2ab54ee52) Importer(815301076,1909f56bfc062723c751e8b465ee728b)
Start importing Assets/ASSET PROJECT UNITY/3A/Kelompok 3-3A/Senjata using Guid(63200dbb9c8860449a0831b2ab54ee52) Importer(815301076,1909f56bfc062723c751e8b465ee728b)  -> (artifact id: '85214d029e561bd454832213ebd72188') in 0.000620 seconds
Number of updated asset objects reloaded before import = 0
Number of asset objects unloaded after import = 0
========================================================================
Received Import Request.
  Time since last request: 0.793771 seconds.
  path: Assets/ASSET PROJECT UNITY/3A/Kelompok 3-3A/Kursi
  artifactKey: Guid(a65513de33ed3ed4ab6b1a39ae9ce00a) Importer(815301076,1909f56bfc062723c751e8b465ee728b)
Start importing Assets/ASSET PROJECT UNITY/3A/Kelompok 3-3A/Kursi using Guid(a65513de33ed3ed4ab6b1a39ae9ce00a) Importer(815301076,1909f56bfc062723c751e8b465ee728b)  -> (artifact id: '23267552a760cd599452989a1ce0e16a') in 0.000595 seconds
Number of updated asset objects reloaded before import = 0
Number of asset objects unloaded after import = 0
========================================================================
Received Import Request.
  Time since last request: 7.548748 seconds.
  path: Assets/ASSET PROJECT UNITY/3A/Kelompok 2-3A/SM_KursiGoyang_01/SM_KursiGoyang_01/Texture
  artifactKey: Guid(91873a70b9da0944495832592d0422ba) Importer(815301076,1909f56bfc062723c751e8b465ee728b)
Start importing Assets/ASSET PROJECT UNITY/3A/Kelompok 2-3A/SM_KursiGoyang_01/SM_KursiGoyang_01/Texture using Guid(91873a70b9da0944495832592d0422ba) Importer(815301076,1909f56bfc062723c751e8b465ee728b)  -> (artifact id: 'ddc5ad384a9d8049b6df5365a6b34b4b') in 0.000598 seconds
Number of updated asset objects reloaded before import = 0
Number of asset objects unloaded after import = 0
========================================================================
Received Import Request.
  Time since last request: 0.093013 seconds.
  path: Assets/ASSET PROJECT UNITY/3A/Kelompok 2-3A/SM_KursiGoyang_01/SM_KursiGoyang_01/Texture/T_Fabric_01.png
  artifactKey: Guid(f926b17622db5e54dac9393316393ddd) Importer(815301076,1909f56bfc062723c751e8b465ee728b)
Start importing Assets/ASSET PROJECT UNITY/3A/Kelompok 2-3A/SM_KursiGoyang_01/SM_KursiGoyang_01/Texture/T_Fabric_01.png using Guid(f926b17622db5e54dac9393316393ddd) Importer(815301076,1909f56bfc062723c751e8b465ee728b)  -> (artifact id: '0c24df04cb37f56aa69adb2a168330e5') in 0.026588 seconds
Number of updated asset objects reloaded before import = 0
Number of asset objects unloaded after import = 2
Editor requested this worker to shutdown with reason: Scaling down because of idle timeout
TcpMessagingSession - receive error: operation aborted. errorcode: 995, details: The I/O operation has been aborted because of either a thread exit or an application request.
AssetImportWorker is now disconnected from the server
Process exiting
Exiting without the bug reporter. Application will terminate with return code 0