Using pre-set license
Built from '2022.3/staging' branch; Version is '2022.3.10f1 (ff3792e53c62) revision 16725906'; Using compiler version '192829333'; Build Type 'Release'
OS: 'Windows 11  (10.0.22631) 64bit CoreSingleLanguage' Language: 'en' Physical Memory: 14188 MB
BatchMode: 1, IsHumanControllingUs: 0, StartBugReporterOnCrash: 0, Is64bit: 1, IsPro: 1

COMMAND LINE ARGUMENTS:
C:\Program Files\Unity\Hub\Editor\2022.3.10f1\Editor\Unity.exe
-adb2
-batchMode
-noUpm
-name
AssetImportWorker2
-projectPath
E:/GIthub/Museum/Project-Museum/Museum
-logFile
Logs/AssetImportWorker2.log
-srvPort
50652
Successfully changed project path to: E:/GIthub/Museum/Project-Museum/Museum
E:/GIthub/Museum/Project-Museum/Museum
[UnityMemory] Configuration Parameters - Can be set up in boot.config
    "memorysetup-bucket-allocator-granularity=16"
    "memorysetup-bucket-allocator-bucket-count=8"
    "memorysetup-bucket-allocator-block-size=33554432"
    "memorysetup-bucket-allocator-block-count=8"
    "memorysetup-main-allocator-block-size=16777216"
    "memorysetup-thread-allocator-block-size=16777216"
    "memorysetup-gfx-main-allocator-block-size=16777216"
    "memorysetup-gfx-thread-allocator-block-size=16777216"
    "memorysetup-cache-allocator-block-size=4194304"
    "memorysetup-typetree-allocator-block-size=2097152"
    "memorysetup-profiler-bucket-allocator-granularity=16"
    "memorysetup-profiler-bucket-allocator-bucket-count=8"
    "memorysetup-profiler-bucket-allocator-block-size=33554432"
    "memorysetup-profiler-bucket-allocator-block-count=8"
    "memorysetup-profiler-allocator-block-size=16777216"
    "memorysetup-profiler-editor-allocator-block-size=1048576"
    "memorysetup-temp-allocator-size-main=16777216"
    "memorysetup-job-temp-allocator-block-size=2097152"
    "memorysetup-job-temp-allocator-block-size-background=1048576"
    "memorysetup-job-temp-allocator-reduction-small-platforms=262144"
    "memorysetup-allocator-temp-initial-block-size-main=262144"
    "memorysetup-allocator-temp-initial-block-size-worker=262144"
    "memorysetup-temp-allocator-size-background-worker=32768"
    "memorysetup-temp-allocator-size-job-worker=262144"
    "memorysetup-temp-allocator-size-preload-manager=33554432"
    "memorysetup-temp-allocator-size-nav-mesh-worker=65536"
    "memorysetup-temp-allocator-size-audio-worker=65536"
    "memorysetup-temp-allocator-size-cloud-worker=32768"
    "memorysetup-temp-allocator-size-gi-baking-worker=262144"
    "memorysetup-temp-allocator-size-gfx=262144"
Player connection [13388] Host "[IP] 192.168.74.89 [Port] 0 [Flags] 2 [Guid] 3236102971 [EditorId] 3236102971 [Version] 1048832 [Id] WindowsEditor(7,LAPTOP-TMGPBVB5) [Debug] 1 [PackageName] WindowsEditor [ProjectName] Editor" joined multi-casting on [225.0.0.222:54997]...

Player connection [13388] Host "[IP] 192.168.74.89 [Port] 0 [Flags] 2 [Guid] 3236102971 [EditorId] 3236102971 [Version] 1048832 [Id] WindowsEditor(7,LAPTOP-TMGPBVB5) [Debug] 1 [PackageName] WindowsEditor [ProjectName] Editor" joined alternative multi-casting on [225.0.0.222:34997]...

[Physics::Module] Initialized MultithreadedJobDispatcher with 11 workers.
Refreshing native plugins compatible for Editor in 6.53 ms, found 3 plugins.
Preloading 0 native plugins for Editor in 0.00 ms.
Initialize engine version: 2022.3.10f1 (ff3792e53c62)
[Subsystems] Discovering subsystems at path C:/Program Files/Unity/Hub/Editor/2022.3.10f1/Editor/Data/Resources/UnitySubsystems
[Subsystems] Discovering subsystems at path E:/GIthub/Museum/Project-Museum/Museum/Assets
GfxDevice: creating device client; threaded=0; jobified=0
Direct3D:
    Version:  Direct3D 11.0 [level 11.1]
    Renderer: NVIDIA GeForce RTX 3050 Laptop GPU (ID=0x25a2)
    Vendor:   NVIDIA
    VRAM:     3965 MB
    Driver:   32.0.15.6109
Initialize mono
Mono path[0] = 'C:/Program Files/Unity/Hub/Editor/2022.3.10f1/Editor/Data/Managed'
Mono path[1] = 'C:/Program Files/Unity/Hub/Editor/2022.3.10f1/Editor/Data/MonoBleedingEdge/lib/mono/unityjit-win32'
Mono config path = 'C:/Program Files/Unity/Hub/Editor/2022.3.10f1/Editor/Data/MonoBleedingEdge/etc'
Using monoOptions --debugger-agent=transport=dt_socket,embedding=1,server=y,suspend=n,address=127.0.0.1:56668
Begin MonoManager ReloadAssembly
Registering precompiled unity dll's ...
Register platform support module: C:/Program Files/Unity/Hub/Editor/2022.3.10f1/Editor/Data/PlaybackEngines/AndroidPlayer/UnityEditor.Android.Extensions.dll
Register platform support module: C:/Program Files/Unity/Hub/Editor/2022.3.10f1/Editor/Data/PlaybackEngines/WindowsStandaloneSupport/UnityEditor.WindowsStandalone.Extensions.dll
Registered in 0.008075 seconds.
- Loaded All Assemblies, in  0.305 seconds
Native extension for WindowsStandalone target not found
Native extension for Android target not found
Android Extension - Scanning For ADB Devices 242 ms
Mono: successfully reloaded assembly
- Finished resetting the current domain, in  0.524 seconds
Domain Reload Profiling: 828ms
	BeginReloadAssembly (93ms)
		ExecutionOrderSort (0ms)
		DisableScriptedObjects (0ms)
		BackupInstance (0ms)
		ReleaseScriptingObjects (0ms)
		CreateAndSetChildDomain (1ms)
	RebuildCommonClasses (29ms)
	RebuildNativeTypeToScriptingClass (9ms)
	initialDomainReloadingComplete (55ms)
	LoadAllAssembliesAndSetupDomain (118ms)
		LoadAssemblies (92ms)
		RebuildTransferFunctionScriptingTraits (0ms)
		AnalyzeDomain (116ms)
			TypeCache.Refresh (114ms)
				TypeCache.ScanAssembly (103ms)
			ScanForSourceGeneratedMonoScriptInfo (0ms)
			ResolveRequiredComponents (0ms)
	FinalizeReload (525ms)
		ReleaseScriptCaches (0ms)
		RebuildScriptCaches (0ms)
		SetupLoadedEditorAssemblies (475ms)
			LogAssemblyErrors (0ms)
			InitializePlatformSupportModulesInManaged (338ms)
			SetLoadedEditorAssemblies (3ms)
			RefreshPlugins (0ms)
			BeforeProcessingInitializeOnLoad (2ms)
			ProcessInitializeOnLoadAttributes (82ms)
			ProcessInitializeOnLoadMethodAttributes (50ms)
			AfterProcessingInitializeOnLoad (0ms)
			EditorAssembliesLoaded (0ms)
		ExecutionOrderSort2 (0ms)
		AwakeInstancesAfterBackupRestoration (0ms)
========================================================================
Worker process is ready to serve import requests
Begin MonoManager ReloadAssembly
- Loaded All Assemblies, in  0.649 seconds
Refreshing native plugins compatible for Editor in 2.27 ms, found 3 plugins.
Native extension for WindowsStandalone target not found
Native extension for Android target not found
Mono: successfully reloaded assembly
- Finished resetting the current domain, in  0.618 seconds
Domain Reload Profiling: 1265ms
	BeginReloadAssembly (131ms)
		ExecutionOrderSort (0ms)
		DisableScriptedObjects (5ms)
		BackupInstance (0ms)
		ReleaseScriptingObjects (0ms)
		CreateAndSetChildDomain (19ms)
	RebuildCommonClasses (33ms)
	RebuildNativeTypeToScriptingClass (11ms)
	initialDomainReloadingComplete (44ms)
	LoadAllAssembliesAndSetupDomain (428ms)
		LoadAssemblies (352ms)
		RebuildTransferFunctionScriptingTraits (0ms)
		AnalyzeDomain (155ms)
			TypeCache.Refresh (130ms)
				TypeCache.ScanAssembly (116ms)
			ScanForSourceGeneratedMonoScriptInfo (16ms)
			ResolveRequiredComponents (7ms)
	FinalizeReload (619ms)
		ReleaseScriptCaches (0ms)
		RebuildScriptCaches (0ms)
		SetupLoadedEditorAssemblies (487ms)
			LogAssemblyErrors (0ms)
			InitializePlatformSupportModulesInManaged (23ms)
			SetLoadedEditorAssemblies (3ms)
			RefreshPlugins (0ms)
			BeforeProcessingInitializeOnLoad (65ms)
			ProcessInitializeOnLoadAttributes (327ms)
			ProcessInitializeOnLoadMethodAttributes (61ms)
			AfterProcessingInitializeOnLoad (7ms)
			EditorAssembliesLoaded (0ms)
		ExecutionOrderSort2 (0ms)
		AwakeInstancesAfterBackupRestoration (6ms)
Launched and connected shader compiler UnityShaderCompiler.exe after 0.04 seconds
Refreshing native plugins compatible for Editor in 2.22 ms, found 3 plugins.
Preloading 0 native plugins for Editor in 0.00 ms.
Unloading 4941 Unused Serialized files (Serialized files now loaded: 0)
Unloading 62 unused Assets / (349.9 KB). Loaded Objects now: 5405.
Memory consumption went from 206.1 MB to 205.7 MB.
Total: 3.387900 ms (FindLiveObjects: 0.357700 ms CreateObjectMapping: 0.153900 ms MarkObjects: 2.694800 ms  DeleteObjects: 0.178300 ms)

AssetImportParameters requested are different than current active one (requested -> active):
  custom:container-demuxer-ogg: 62fdf1f143b41e24485cea50d1cbac27 -> 
  custom:video-codec-MediaFoundation-h265: 746d11721c4dcdbdad8f713fa42b33f4 -> 
  custom:video-decoder-ogg-theora: a1e56fd34408186e4bbccfd4996cb3dc -> 
  custom:framework-win-MediaFoundation: 216162199b28c13a410421893ffa2e32 -> 
  custom:CustomObjectIndexerAttribute: a3ef5dd2817f97addfee359851a9dba5 -> 
  custom:container-demuxer-webm: 4f35f7cbe854078d1ac9338744f61a02 -> 
  custom:container-muxer-webm: aa71ff27fc2769a1b78a27578f13a17b -> 
  custom:video-decoder-webm-vp8: 9c59270c3fd7afecdb556c50c9e8de78 -> 
  custom:SearchIndexIgnoredProperties: e643bd26f0fe6173181afceb89e7c659 -> 
  custom:AudioImporter_EditorPlatform: d09bf68614088b80899f8185d706f6e7 -> 
  custom:video-encoder-webm-vp8: eb34c28f22e8b96e1ab97ce403110664 -> 
  custom:audio-decoder-ogg-vorbis: bf7c407c2cedff20999df2af8eb42d56 -> 
  custom:audio-encoder-webm-vorbis: bf7c407c2cedff20999df2af8eb42d56 -> 
========================================================================
Received Import Request.
  Time since last request: 1698.690924 seconds.
  path: Assets/ASSET PROJECT UNITY/3A/Kelompok 2-3A/SM_BingkaiPahlawanBajuAdat_01/Texture/Materials/T_KayuBingkai_02.mat
  artifactKey: Guid(22b4fa78ca648ab48be5cb7a8d834721) Importer(815301076,1909f56bfc062723c751e8b465ee728b)
Start importing Assets/ASSET PROJECT UNITY/3A/Kelompok 2-3A/SM_BingkaiPahlawanBajuAdat_01/Texture/Materials/T_KayuBingkai_02.mat using Guid(22b4fa78ca648ab48be5cb7a8d834721) Importer(815301076,1909f56bfc062723c751e8b465ee728b)  -> (artifact id: '8c481ef478c142bc9e4f3953e74e0857') in 0.245079 seconds
Number of updated asset objects reloaded before import = 0
Number of asset objects unloaded after import = 4
========================================================================
Received Import Request.
  Time since last request: 72.955128 seconds.
  path: Assets/ASSET PROJECT UNITY/3A/Kelompok 2-3A/SM_BingkaiPahlawanBajuAdat_01/Texture/Materials
  artifactKey: Guid(408d2e8674c0de34b937d382d0e08117) Importer(815301076,1909f56bfc062723c751e8b465ee728b)
Start importing Assets/ASSET PROJECT UNITY/3A/Kelompok 2-3A/SM_BingkaiPahlawanBajuAdat_01/Texture/Materials using Guid(408d2e8674c0de34b937d382d0e08117) Importer(815301076,1909f56bfc062723c751e8b465ee728b)  -> (artifact id: 'f261ad1b14287b340bfcd4900fb30bbe') in 0.000558 seconds
Number of updated asset objects reloaded before import = 0
Number of asset objects unloaded after import = 0
========================================================================
Received Import Request.
  Time since last request: 2.093155 seconds.
  path: Assets/Scenes/Review Aset.unity
  artifactKey: Guid(4208df3bab6f2bd41878a65036c4f51d) Importer(815301076,1909f56bfc062723c751e8b465ee728b)
Start importing Assets/Scenes/Review Aset.unity using Guid(4208df3bab6f2bd41878a65036c4f51d) Importer(815301076,1909f56bfc062723c751e8b465ee728b)  -> (artifact id: 'ed0a93e89e1cd5986b8d08026c612308') in 0.000595 seconds
Number of updated asset objects reloaded before import = 0
Number of asset objects unloaded after import = 0
========================================================================
Received Import Request.
  Time since last request: 77.086827 seconds.
  path: Assets/ASSET PROJECT UNITY/3A/Kelompok 2-3A/SM_BingkaiPahlawanBajuAdat_01/Texture/Materials/T_FransKaisepo_01.mat
  artifactKey: Guid(99985d3450b7d2244aa12fdced98f453) Importer(815301076,1909f56bfc062723c751e8b465ee728b)
Start importing Assets/ASSET PROJECT UNITY/3A/Kelompok 2-3A/SM_BingkaiPahlawanBajuAdat_01/Texture/Materials/T_FransKaisepo_01.mat using Guid(99985d3450b7d2244aa12fdced98f453) Importer(815301076,1909f56bfc062723c751e8b465ee728b)  -> (artifact id: '8ceecb0f896ac6c9253112002165739e') in 0.025468 seconds
Number of updated asset objects reloaded before import = 0
Number of asset objects unloaded after import = 3
========================================================================
Received Import Request.
  Time since last request: 0.000025 seconds.
  path: Assets/ASSET PROJECT UNITY/3A/Kelompok 2-3A/SM_BingkaiPahlawanBajuAdat_01/Texture/Materials/T_MahmudBadaruddin_01.mat
  artifactKey: Guid(971f3e9ea59c68747b101ef3d9e58170) Importer(815301076,1909f56bfc062723c751e8b465ee728b)
Start importing Assets/ASSET PROJECT UNITY/3A/Kelompok 2-3A/SM_BingkaiPahlawanBajuAdat_01/Texture/Materials/T_MahmudBadaruddin_01.mat using Guid(971f3e9ea59c68747b101ef3d9e58170) Importer(815301076,1909f56bfc062723c751e8b465ee728b)  -> (artifact id: 'ddf3624f5a37280c36c2fc7a8bbce3c5') in 0.023369 seconds
Number of updated asset objects reloaded before import = 0
Number of asset objects unloaded after import = 3
========================================================================
Received Import Request.
  Time since last request: 0.000018 seconds.
  path: Assets/ASSET PROJECT UNITY/3A/Kelompok 2-3A/SM_BingkaiPahlawanBajuAdat_01/Texture/Materials/T_TeukuMuhammadHasan_01.mat
  artifactKey: Guid(0cf326f481dd1bd458e542e80065f085) Importer(815301076,1909f56bfc062723c751e8b465ee728b)
Start importing Assets/ASSET PROJECT UNITY/3A/Kelompok 2-3A/SM_BingkaiPahlawanBajuAdat_01/Texture/Materials/T_TeukuMuhammadHasan_01.mat using Guid(0cf326f481dd1bd458e542e80065f085) Importer(815301076,1909f56bfc062723c751e8b465ee728b)  -> (artifact id: 'f79b03664ba69226f5f0824ff3b29a7f') in 0.020108 seconds
Number of updated asset objects reloaded before import = 0
Number of asset objects unloaded after import = 3
========================================================================
Received Import Request.
  Time since last request: 183.209262 seconds.
  path: Assets/ASSET PROJECT UNITY/3A/Kelompok 2-3A/SM_KursiGoyang_01/SM_KursiGoyang_01/Texture/Materials
  artifactKey: Guid(b92a38a3cd33a794792b32abfdac1337) Importer(815301076,1909f56bfc062723c751e8b465ee728b)
Start importing Assets/ASSET PROJECT UNITY/3A/Kelompok 2-3A/SM_KursiGoyang_01/SM_KursiGoyang_01/Texture/Materials using Guid(b92a38a3cd33a794792b32abfdac1337) Importer(815301076,1909f56bfc062723c751e8b465ee728b)  -> (artifact id: 'b964f2e131b45453a68b0da230681fac') in 0.000540 seconds
Number of updated asset objects reloaded before import = 0
Number of asset objects unloaded after import = 0
========================================================================
Received Import Request.
  Time since last request: 0.056023 seconds.
  path: Assets/ASSET PROJECT UNITY/3A/Kelompok 2-3A/SM_KursiGoyang_01/SM_KursiGoyang_01/Texture/Materials/T_Fabric_01.mat
  artifactKey: Guid(d9b8c45895e4e4543bdb56827c1db489) Importer(815301076,1909f56bfc062723c751e8b465ee728b)
Start importing Assets/ASSET PROJECT UNITY/3A/Kelompok 2-3A/SM_KursiGoyang_01/SM_KursiGoyang_01/Texture/Materials/T_Fabric_01.mat using Guid(d9b8c45895e4e4543bdb56827c1db489) Importer(815301076,1909f56bfc062723c751e8b465ee728b)  -> (artifact id: '73ec0b6b8d1d57d7400fadc665a31a2d') in 0.015835 seconds
Number of updated asset objects reloaded before import = 0
Number of asset objects unloaded after import = 3
========================================================================
Received Import Request.
  Time since last request: 0.000017 seconds.
  path: Assets/ASSET PROJECT UNITY/3A/Kelompok 2-3A/SM_KursiGoyang_01/SM_KursiGoyang_01/Texture/Materials/T_RoseWood_01.mat
  artifactKey: Guid(e5f75a566a8af1c4bad52579181104f7) Importer(815301076,1909f56bfc062723c751e8b465ee728b)
Start importing Assets/ASSET PROJECT UNITY/3A/Kelompok 2-3A/SM_KursiGoyang_01/SM_KursiGoyang_01/Texture/Materials/T_RoseWood_01.mat using Guid(e5f75a566a8af1c4bad52579181104f7) Importer(815301076,1909f56bfc062723c751e8b465ee728b)  -> (artifact id: 'da117994a83665b51272d70154c9a66b') in 0.017297 seconds
Number of updated asset objects reloaded before import = 0
Number of asset objects unloaded after import = 3
========================================================================
Received Import Request.
  Time since last request: 211.305401 seconds.
  path: Assets/ASSET PROJECT UNITY/3A/Kelompok 2-3A/SM_KursiGoyang_02/SM_KursiGoyang_02/Texture
  artifactKey: Guid(bee01e04377ce9d42b5bd8903174e2b0) Importer(815301076,1909f56bfc062723c751e8b465ee728b)
Start importing Assets/ASSET PROJECT UNITY/3A/Kelompok 2-3A/SM_KursiGoyang_02/SM_KursiGoyang_02/Texture using Guid(bee01e04377ce9d42b5bd8903174e2b0) Importer(815301076,1909f56bfc062723c751e8b465ee728b)  -> (artifact id: '8f0a78530c08fd4c39a82be6ee153f7e') in 0.000740 seconds
Number of updated asset objects reloaded before import = 0
Number of asset objects unloaded after import = 0
========================================================================
Received Import Request.
  Time since last request: 0.068451 seconds.
  path: Assets/ASSET PROJECT UNITY/3A/Kelompok 2-3A/SM_KursiGoyang_02/SM_KursiGoyang_02/Texture/T_Jerami_0.png
  artifactKey: Guid(dda6615730f93624a9c4deb12a509600) Importer(815301076,1909f56bfc062723c751e8b465ee728b)
Start importing Assets/ASSET PROJECT UNITY/3A/Kelompok 2-3A/SM_KursiGoyang_02/SM_KursiGoyang_02/Texture/T_Jerami_0.png using Guid(dda6615730f93624a9c4deb12a509600) Importer(815301076,1909f56bfc062723c751e8b465ee728b)  -> (artifact id: '71db4610db3985953d85edc25d4dc6cc') in 0.023763 seconds
Number of updated asset objects reloaded before import = 0
Number of asset objects unloaded after import = 2
========================================================================
Received Import Request.
  Time since last request: 0.000018 seconds.
  path: Assets/ASSET PROJECT UNITY/3A/Kelompok 2-3A/SM_KursiGoyang_02/SM_KursiGoyang_02/Texture/T_Kayu_01.png
  artifactKey: Guid(3759cd2f57c5d1844aa29b0b263ec3cc) Importer(815301076,1909f56bfc062723c751e8b465ee728b)
Start importing Assets/ASSET PROJECT UNITY/3A/Kelompok 2-3A/SM_KursiGoyang_02/SM_KursiGoyang_02/Texture/T_Kayu_01.png using Guid(3759cd2f57c5d1844aa29b0b263ec3cc) Importer(815301076,1909f56bfc062723c751e8b465ee728b)  -> (artifact id: 'a24b9408d2df3922806ffe90ae94b1be') in 0.014176 seconds
Number of updated asset objects reloaded before import = 0
Number of asset objects unloaded after import = 2
========================================================================
Received Import Request.
  Time since last request: 2.542449 seconds.
  path: Assets/ASSET PROJECT UNITY/3A/Kelompok 2-3A/SM_KursiGoyang_02/SM_KursiGoyang_02/Mesh
  artifactKey: Guid(c2f7b7168fae506489d38909b2ad4cbb) Importer(815301076,1909f56bfc062723c751e8b465ee728b)
Start importing Assets/ASSET PROJECT UNITY/3A/Kelompok 2-3A/SM_KursiGoyang_02/SM_KursiGoyang_02/Mesh using Guid(c2f7b7168fae506489d38909b2ad4cbb) Importer(815301076,1909f56bfc062723c751e8b465ee728b)  -> (artifact id: '6998ed56e3f8a824ab780b3e2444ab49') in 0.000772 seconds
Number of updated asset objects reloaded before import = 0
Number of asset objects unloaded after import = 0
========================================================================
Received Import Request.
  Time since last request: 0.065586 seconds.
  path: Assets/ASSET PROJECT UNITY/3A/Kelompok 2-3A/SM_KursiGoyang_02/SM_KursiGoyang_02/Mesh/SM_KursiGoyang_02.fbx
  artifactKey: Guid(a123b8cb634ef5948863df0e43acea2f) Importer(815301076,1909f56bfc062723c751e8b465ee728b)
Start importing Assets/ASSET PROJECT UNITY/3A/Kelompok 2-3A/SM_KursiGoyang_02/SM_KursiGoyang_02/Mesh/SM_KursiGoyang_02.fbx using Guid(a123b8cb634ef5948863df0e43acea2f) Importer(815301076,1909f56bfc062723c751e8b465ee728b)  -> (artifact id: '491d34e8c9b1da00a3efb267f1828fd7') in 0.107965 seconds
Number of updated asset objects reloaded before import = 0
Number of asset objects unloaded after import = 13
========================================================================
Received Import Request.
  Time since last request: 35.456841 seconds.
  path: Assets/ASSET PROJECT UNITY/3A/Kelompok 2-3A/SM_KursiGoyang_02/SM_KursiGoyang_02/SandBox
  artifactKey: Guid(e70b6780907703949bd37b04be6ade52) Importer(815301076,1909f56bfc062723c751e8b465ee728b)
Start importing Assets/ASSET PROJECT UNITY/3A/Kelompok 2-3A/SM_KursiGoyang_02/SM_KursiGoyang_02/SandBox using Guid(e70b6780907703949bd37b04be6ade52) Importer(815301076,1909f56bfc062723c751e8b465ee728b)  -> (artifact id: 'c62af06199edcbfb5c2c22272584ecd5') in 0.000644 seconds
Number of updated asset objects reloaded before import = 0
Number of asset objects unloaded after import = 0
========================================================================
Received Import Request.
  Time since last request: 3.821938 seconds.
  path: Assets/ASSET PROJECT UNITY/3A/Kelompok 2-3A/SM_KursiGoyang_02/SM_KursiGoyang_02/Mesh/SM_KursiGoyang_02.fbx
  artifactKey: Guid(a123b8cb634ef5948863df0e43acea2f) Importer(815301076,1909f56bfc062723c751e8b465ee728b)
Start importing Assets/ASSET PROJECT UNITY/3A/Kelompok 2-3A/SM_KursiGoyang_02/SM_KursiGoyang_02/Mesh/SM_KursiGoyang_02.fbx using Guid(a123b8cb634ef5948863df0e43acea2f) Importer(815301076,1909f56bfc062723c751e8b465ee728b)  -> (artifact id: 'aeceb92268dfea537247d013512a8e81') in 0.019358 seconds
Number of updated asset objects reloaded before import = 0
Number of asset objects unloaded after import = 13
========================================================================
Received Import Request.
  Time since last request: 0.097107 seconds.
  path: Assets/ASSET PROJECT UNITY/3A/Kelompok 2-3A/SM_KursiGoyang_02/SM_KursiGoyang_02/Mesh/M_Jerami_Atas.mat
  artifactKey: Guid(57b46e5b6c232324b89e4be474f93adc) Importer(815301076,1909f56bfc062723c751e8b465ee728b)
Start importing Assets/ASSET PROJECT UNITY/3A/Kelompok 2-3A/SM_KursiGoyang_02/SM_KursiGoyang_02/Mesh/M_Jerami_Atas.mat using Guid(57b46e5b6c232324b89e4be474f93adc) Importer(815301076,1909f56bfc062723c751e8b465ee728b)  -> (artifact id: 'ab4d7980c6ca3b7db6c4db8a6db41b03') in 0.020706 seconds
Number of updated asset objects reloaded before import = 0
Number of asset objects unloaded after import = 2
========================================================================
Received Import Request.
  Time since last request: 0.000033 seconds.
  path: Assets/ASSET PROJECT UNITY/3A/Kelompok 2-3A/SM_KursiGoyang_02/SM_KursiGoyang_02/Mesh/SM_KursiGoyang_02.fbx
  artifactKey: Guid(a123b8cb634ef5948863df0e43acea2f) Importer(815301076,1909f56bfc062723c751e8b465ee728b)
Start importing Assets/ASSET PROJECT UNITY/3A/Kelompok 2-3A/SM_KursiGoyang_02/SM_KursiGoyang_02/Mesh/SM_KursiGoyang_02.fbx using Guid(a123b8cb634ef5948863df0e43acea2f) Importer(815301076,1909f56bfc062723c751e8b465ee728b)  -> (artifact id: 'a9f8900ee36f47b45f712d4148af4296') in 0.032815 seconds
Number of updated asset objects reloaded before import = 0
Number of asset objects unloaded after import = 13
========================================================================
Received Import Request.
  Time since last request: 0.000021 seconds.
  path: Assets/ASSET PROJECT UNITY/3A/Kelompok 2-3A/SM_KursiGoyang_02/SM_KursiGoyang_02/Mesh/M_Kayu_Kaki.mat
  artifactKey: Guid(b3dc6c7146500b046b113f289a191f74) Importer(815301076,1909f56bfc062723c751e8b465ee728b)
Start importing Assets/ASSET PROJECT UNITY/3A/Kelompok 2-3A/SM_KursiGoyang_02/SM_KursiGoyang_02/Mesh/M_Kayu_Kaki.mat using Guid(b3dc6c7146500b046b113f289a191f74) Importer(815301076,1909f56bfc062723c751e8b465ee728b)  -> (artifact id: 'd1aaa972aed3d9ed966820d2a1b25c90') in 0.020122 seconds
Number of updated asset objects reloaded before import = 0
Number of asset objects unloaded after import = 2
========================================================================
Received Import Request.
  Time since last request: 353.788111 seconds.
  path: Assets/Kursipanjang/Texture/T_KayuuKursi.png
  artifactKey: Guid(fb921ca8f2bc6ff44bd30d2fe4936060) Importer(815301076,1909f56bfc062723c751e8b465ee728b)
Start importing Assets/Kursipanjang/Texture/T_KayuuKursi.png using Guid(fb921ca8f2bc6ff44bd30d2fe4936060) Importer(815301076,1909f56bfc062723c751e8b465ee728b)  -> (artifact id: '05ba1ee061009ed9c5f392b70564efb5') in 0.019830 seconds
Number of updated asset objects reloaded before import = 0
Number of asset objects unloaded after import = 2
========================================================================
Received Import Request.
  Time since last request: 155.671142 seconds.
  path: Assets/New Folder/New Folder/129602.jpg
  artifactKey: Guid(103f9846cf192cb48b01db8203e68b9d) Importer(815301076,1909f56bfc062723c751e8b465ee728b)
Start importing Assets/New Folder/New Folder/129602.jpg using Guid(103f9846cf192cb48b01db8203e68b9d) Importer(815301076,1909f56bfc062723c751e8b465ee728b)  -> (artifact id: '70e05c552579432b420d1c6ff61ed593') in 0.022202 seconds
Number of updated asset objects reloaded before import = 0
Number of asset objects unloaded after import = 2
========================================================================
Received Import Request.
  Time since last request: 0.000019 seconds.
  path: Assets/New Folder/New Folder/Material.002.mat
  artifactKey: Guid(86fa26aa98b392e43ad1bf4a4195c649) Importer(815301076,1909f56bfc062723c751e8b465ee728b)
Start importing Assets/New Folder/New Folder/Material.002.mat using Guid(86fa26aa98b392e43ad1bf4a4195c649) Importer(815301076,1909f56bfc062723c751e8b465ee728b)  -> (artifact id: '40de0b99df46589e2be4d2c7bb42f9e7') in 0.025820 seconds
Number of updated asset objects reloaded before import = 0
Number of asset objects unloaded after import = 3
========================================================================
Received Import Request.
  Time since last request: 0.000018 seconds.
  path: Assets/New Folder/New Folder/Material.001.mat
  artifactKey: Guid(58ea06e911fc560488930526591fa4d8) Importer(815301076,1909f56bfc062723c751e8b465ee728b)
Start importing Assets/New Folder/New Folder/Material.001.mat using Guid(58ea06e911fc560488930526591fa4d8) Importer(815301076,1909f56bfc062723c751e8b465ee728b)  -> (artifact id: 'afd6cfdb25691aafe30bef557dea0de6') in 0.007072 seconds
Number of updated asset objects reloaded before import = 0
Number of asset objects unloaded after import = 3
Editor requested this worker to shutdown with reason: Scaling down because of idle timeout
TcpMessagingSession - receive error: operation aborted. errorcode: 995, details: The I/O operation has been aborted because of either a thread exit or an application request.
AssetImportWorker is now disconnected from the server
Process exiting
Exiting without the bug reporter. Application will terminate with return code 0